<?xml version="1.0" encoding="UTF-8"?>
<testsuite name="io.yggdrash.contract.yeed.InterChainProcessTest" tests="18" skipped="0" failures="0" errors="0" timestamp="2019-11-06T03:38:16" hostname="Peter-Mac.local" time="1.719">
  <properties/>
  <testcase name="processingPropose" classname="io.yggdrash.contract.yeed.InterChainProcessTest" time="0.098"/>
  <testcase name="closeIssue" classname="io.yggdrash.contract.yeed.InterChainProcessTest" time="0.007"/>
  <testcase name="diviedEthSendTest" classname="io.yggdrash.contract.yeed.InterChainProcessTest" time="0.178"/>
  <testcase name="retryEthTransaction" classname="io.yggdrash.contract.yeed.InterChainProcessTest" time="0.024"/>
  <testcase name="issueTokenInterchain" classname="io.yggdrash.contract.yeed.InterChainProcessTest" time="0.023"/>
  <testcase name="proposeFullTest" classname="io.yggdrash.contract.yeed.InterChainProcessTest" time="0.015"/>
  <testcase name="invalidRawTransaction" classname="io.yggdrash.contract.yeed.InterChainProcessTest" time="0.016"/>
  <testcase name="test32ByteArray" classname="io.yggdrash.contract.yeed.InterChainProcessTest" time="0.002"/>
  <testcase name="issuePropose" classname="io.yggdrash.contract.yeed.InterChainProcessTest" time="0.003"/>
  <testcase name="processingInvalid" classname="io.yggdrash.contract.yeed.InterChainProcessTest" time="0.011"/>
  <testcase name="closeIssueFail" classname="io.yggdrash.contract.yeed.InterChainProcessTest" time="0.003"/>
  <testcase name="proposeIssueFail" classname="io.yggdrash.contract.yeed.InterChainProcessTest" time="0.004"/>
  <testcase name="processingProposeConfirm" classname="io.yggdrash.contract.yeed.InterChainProcessTest" time="0.013"/>
  <testcase name="issueProposeUpperCase" classname="io.yggdrash.contract.yeed.InterChainProcessTest" time="0.002"/>
  <testcase name="multiAccountPropose" classname="io.yggdrash.contract.yeed.InterChainProcessTest" time="1.306"/>
  <testcase name="rawTxGenerator" classname="io.yggdrash.contract.yeed.InterChainProcessTest" time="0.009"/>
  <testcase name="closeIssueFail2" classname="io.yggdrash.contract.yeed.InterChainProcessTest" time="0.001"/>
  <testcase name="closeIssueFail3" classname="io.yggdrash.contract.yeed.InterChainProcessTest" time="0.002"/>
  <system-out><![CDATA[12:38:16.667 [Test worker] DEBUG io.yggdrash.contract.yeed.YeedContract - Address of Frontier : c91e9d46dd4b7584f0b6348ee18277c10fd7cb94Balance of Frontier : 1000000000000000000000000000
12:38:16.667 [Test worker] DEBUG io.yggdrash.contract.yeed.YeedContract - Address of Frontier : 1a0cdead3d1d1dbeef848fef9053b4f0ae06db9eBalance of Frontier : 1000000000000000000000000000
12:38:16.668 [Test worker] DEBUG io.yggdrash.contract.yeed.YeedContract - Address of Frontier : 5e032243d507c743b061ef021e2ec7fcc6d3ab89Balance of Frontier : 10000000000000000000
12:38:16.669 [Test worker] DEBUG io.yggdrash.contract.yeed.YeedContract - Address of Frontier : cee3d4755e47055b530deeba062c5bd0c17eb00fBalance of Frontier : 998000000000000000000000000000
12:38:16.669 [Test worker] DEBUG io.yggdrash.contract.yeed.YeedContract - Address of Frontier : c3cf7a283a4415ce3c41f5374934612389334780Balance of Frontier : 10000000000000000000000000000000000000000
12:38:16.670 [Test worker] DEBUG io.yggdrash.contract.yeed.YeedContract - Address of Frontier : 4d01e237570022440aa126ca0b63065d7f5fd589Balance of Frontier : 10000000000000000000000000000000000000000
12:38:16.671 [Test worker] DEBUG io.yggdrash.contract.yeed.InterChainProcessTest - IssuerOriginBalance : 10000000000000000000000000000000000000000 
12:38:16.672 [Test worker] DEBUG io.yggdrash.contract.yeed.YeedContract - Propose Id Key : pi-18d48bc062ecab96a6d5b24791b5b41fdb69a12ef76d56f9f842871f92716b7a 
12:38:16.673 [Test worker] DEBUG io.yggdrash.contract.yeed.YeedContract - ProposeId : 18d48bc062ecab96a6d5b24791b5b41fdb69a12ef76d56f9f842871f92716b7a (ProposeKey=pis-18d48bc062ecab96a6d5b24791b5b41fdb69a12ef76d56f9f842871f92716b7a) is ISSUED
12:38:16.674 [Test worker] DEBUG io.yggdrash.contract.yeed.InterChainProcessTest - Issuer Balance After Proposal Issued : 9999999999999999999998990000000000000000 
12:38:16.675 [Test worker] DEBUG io.yggdrash.contract.yeed.InterChainProcessTest - ProposeId : 18d48bc062ecab96a6d5b24791b5b41fdb69a12ef76d56f9f842871f92716b7a
12:38:16.683 [Test worker] DEBUG io.yggdrash.contract.yeed.InterChainProcessTest - Sender : 5e032243d507c743b061ef021e2ec7fcc6d3ab89 
12:38:16.683 [Test worker] DEBUG io.yggdrash.contract.yeed.InterChainProcessTest - Receiver : c3cf7a283a4415ce3c41f5374934612389334780
12:38:16.683 [Test worker] DEBUG io.yggdrash.contract.yeed.InterChainProcessTest - 1000000000000000000 WEI
12:38:16.694 [Test worker] DEBUG io.yggdrash.contract.yeed.YeedContract - Ratio : 1
12:38:16.694 [Test worker] DEBUG io.yggdrash.contract.yeed.YeedContract - transferYeed : 1000000000000000000
12:38:16.696 [Test worker] DEBUG io.yggdrash.contract.yeed.YeedContract - Confirm Id : 1b1877ab93f8a0301b91c00d0dc582926972a1988c2cec595a3527388ab28ad1
12:38:16.697 [Test worker] DEBUG io.yggdrash.contract.yeed.YeedContract - ProposeId : 18d48bc062ecab96a6d5b24791b5b41fdb69a12ef76d56f9f842871f92716b7a (ProposeKey=pis-18d48bc062ecab96a6d5b24791b5b41fdb69a12ef76d56f9f842871f92716b7a) is DONE
12:38:16.698 [Test worker] DEBUG io.yggdrash.contract.yeed.InterChainProcessTest - Issuer Balance After Proposal Done : 9999999999999999999998985000000000000000 
12:38:16.699 [Test worker] DEBUG io.yggdrash.contract.yeed.InterChainProcessTest - fee : 10000000000000000 
12:38:16.699 [Test worker] DEBUG io.yggdrash.contract.yeed.InterChainProcessTest - txLog=[Transfer 0 from c3cf7a283a4415ce3c41f5374934612389334780 to c3cf7a283a4415ce3c41f5374934612389334780 fee 10000000000000000, Transfer fee c3cf7a283a4415ce3c41f5374934612389334780 from 10000000000000000 success, Propose 18d48bc062ecab96a6d5b24791b5b41fdb69a12ef76d56f9f842871f92716b7a check YEED_TO_ETHER network 1 transaction a077dd42d4421dca5cb8a7a11aca5b27adaf40be2428f9dc8e42a56abdabeb66 confirm ID 1b1877ab93f8a0301b91c00d0dc582926972a1988c2cec595a3527388ab28ad1, Transfer 1000000000000000000 from 18d48bc062ecab96a6d5b24791b5b41fdb69a12ef76d56f9f842871f92716b7a to 5e032243d507c743b061ef021e2ec7fcc6d3ab89 fee 0, Transfer 5000000000000000 from 18d48bc062ecab96a6d5b24791b5b41fdb69a12ef76d56f9f842871f92716b7a to c3cf7a283a4415ce3c41f5374934612389334780 fee 5000000000000000, Proposal 18d48bc062ecab96a6d5b24791b5b41fdb69a12ef76d56f9f842871f92716b7a DONE, Yeed to Eth Proposal completed successfully]
12:38:16.701 [Test worker] DEBUG io.yggdrash.contract.yeed.YeedContract - Address of Frontier : c91e9d46dd4b7584f0b6348ee18277c10fd7cb94Balance of Frontier : 1000000000000000000000000000
12:38:16.701 [Test worker] DEBUG io.yggdrash.contract.yeed.YeedContract - Address of Frontier : 1a0cdead3d1d1dbeef848fef9053b4f0ae06db9eBalance of Frontier : 1000000000000000000000000000
12:38:16.702 [Test worker] DEBUG io.yggdrash.contract.yeed.YeedContract - Address of Frontier : 5e032243d507c743b061ef021e2ec7fcc6d3ab89Balance of Frontier : 10000000000000000000
12:38:16.702 [Test worker] DEBUG io.yggdrash.contract.yeed.YeedContract - Address of Frontier : cee3d4755e47055b530deeba062c5bd0c17eb00fBalance of Frontier : 998000000000000000000000000000
12:38:16.703 [Test worker] DEBUG io.yggdrash.contract.yeed.YeedContract - Address of Frontier : c3cf7a283a4415ce3c41f5374934612389334780Balance of Frontier : 10000000000000000000000000000000000000000
12:38:16.703 [Test worker] DEBUG io.yggdrash.contract.yeed.YeedContract - Address of Frontier : 4d01e237570022440aa126ca0b63065d7f5fd589Balance of Frontier : 10000000000000000000000000000000000000000
12:38:16.704 [Test worker] DEBUG io.yggdrash.contract.yeed.YeedContract - Propose Id Key : pi-ea79c0652a5c88db8a0f53d37a2944a56ff2eaf4185370191c98313843b35056 
12:38:16.705 [Test worker] DEBUG io.yggdrash.contract.yeed.YeedContract - ProposeId : ea79c0652a5c88db8a0f53d37a2944a56ff2eaf4185370191c98313843b35056 (ProposeKey=pis-ea79c0652a5c88db8a0f53d37a2944a56ff2eaf4185370191c98313843b35056) is ISSUED
12:38:16.705 [Test worker] DEBUG io.yggdrash.contract.yeed.InterChainProcessTest - txLog=[Transfer 11000000000000000 from c3cf7a283a4415ce3c41f5374934612389334780 to ea79c0652a5c88db8a0f53d37a2944a56ff2eaf4185370191c98313843b35056 fee 0, Propose ea79c0652a5c88db8a0f53d37a2944a56ff2eaf4185370191c98313843b35056 ISSUED]
12:38:16.705 [Test worker] DEBUG io.yggdrash.contract.yeed.InterChainProcessTest - Proposal Stake YEED 11000000000000000
12:38:16.706 [Test worker] DEBUG io.yggdrash.contract.yeed.InterChainProcessTest - Issuer Origin YEED 10000000000000000000000000000000000000000
12:38:16.706 [Test worker] DEBUG io.yggdrash.contract.yeed.InterChainProcessTest - Issuer After Proposal Issued YEED 9999999999999999999999989000000000000000
12:38:16.706 [Test worker] DEBUG io.yggdrash.contract.yeed.InterChainProcessTest - Proposal = {"proposeId":"ea79c0652a5c88db8a0f53d37a2944a56ff2eaf4185370191c98313843b35056","transactionId":"0x00","targetAddress":"","receiverAddress":"c3cf7a283a4415ce3c41f5374934612389334780","receiveAsset":10000000,"receiveChainId":1,"networkBlockHeight":10,"proposeType":1,"senderAddress":"c91e9d46dd4b7584f0b6348ee18277c10fd7cb94","inputData":null,"stakeYeed":1000000000000000,"blockHeight":1000000,"fee":10000000000000000,"issuer":"c3cf7a283a4415ce3c41f5374934612389334780","method":"","status":"ISSUED"}
12:38:16.707 [Test worker] DEBUG io.yggdrash.contract.yeed.YeedContract - ProposeId : ea79c0652a5c88db8a0f53d37a2944a56ff2eaf4185370191c98313843b35056 (ProposeKey=pis-ea79c0652a5c88db8a0f53d37a2944a56ff2eaf4185370191c98313843b35056) is CLOSED
12:38:16.708 [Test worker] DEBUG io.yggdrash.contract.yeed.YeedContract - Address of Frontier : c91e9d46dd4b7584f0b6348ee18277c10fd7cb94Balance of Frontier : 1000000000000000000000000000
12:38:16.709 [Test worker] DEBUG io.yggdrash.contract.yeed.YeedContract - Address of Frontier : 1a0cdead3d1d1dbeef848fef9053b4f0ae06db9eBalance of Frontier : 1000000000000000000000000000
12:38:16.709 [Test worker] DEBUG io.yggdrash.contract.yeed.YeedContract - Address of Frontier : 5e032243d507c743b061ef021e2ec7fcc6d3ab89Balance of Frontier : 10000000000000000000
12:38:16.710 [Test worker] DEBUG io.yggdrash.contract.yeed.YeedContract - Address of Frontier : cee3d4755e47055b530deeba062c5bd0c17eb00fBalance of Frontier : 998000000000000000000000000000
12:38:16.710 [Test worker] DEBUG io.yggdrash.contract.yeed.YeedContract - Address of Frontier : c3cf7a283a4415ce3c41f5374934612389334780Balance of Frontier : 10000000000000000000000000000000000000000
12:38:16.711 [Test worker] DEBUG io.yggdrash.contract.yeed.YeedContract - Address of Frontier : 4d01e237570022440aa126ca0b63065d7f5fd589Balance of Frontier : 10000000000000000000000000000000000000000
12:38:16.851 [Test worker] DEBUG io.yggdrash.contract.yeed.YeedContract - Propose Id Key : pi-9b2cb3def8a459cbb8b71dfc9669c037f291b71bfea8e3c1522c4e10bb33cd3f 
12:38:16.852 [Test worker] DEBUG io.yggdrash.contract.yeed.YeedContract - ProposeId : 9b2cb3def8a459cbb8b71dfc9669c037f291b71bfea8e3c1522c4e10bb33cd3f (ProposeKey=pis-9b2cb3def8a459cbb8b71dfc9669c037f291b71bfea8e3c1522c4e10bb33cd3f) is ISSUED
12:38:16.868 [Test worker] DEBUG io.yggdrash.contract.yeed.InterChainProcessTest - Propose Stake YEED : 1100000000000000000
12:38:16.872 [Test worker] DEBUG io.yggdrash.contract.yeed.YeedContract - Ratio : 1
12:38:16.872 [Test worker] DEBUG io.yggdrash.contract.yeed.YeedContract - transferYeed : 500000000000000000
12:38:16.872 [Test worker] DEBUG io.yggdrash.contract.yeed.YeedContract - Confirm Id : ae74a85681a4e3dadb631de46fb4162043a24e7034ae85d7dcd07c3406846d05
12:38:16.873 [Test worker] DEBUG io.yggdrash.contract.yeed.YeedContract - ProposeId : 9b2cb3def8a459cbb8b71dfc9669c037f291b71bfea8e3c1522c4e10bb33cd3f (ProposeKey=pis-9b2cb3def8a459cbb8b71dfc9669c037f291b71bfea8e3c1522c4e10bb33cd3f) is PROCESSING
12:38:16.873 [Test worker] DEBUG io.yggdrash.contract.yeed.InterChainProcessTest - Propose Stake YEED : 1100000000000000000
12:38:16.877 [Test worker] DEBUG io.yggdrash.contract.yeed.YeedContract - Ratio : 1
12:38:16.877 [Test worker] DEBUG io.yggdrash.contract.yeed.YeedContract - transferYeed : 500000000000000000
12:38:16.877 [Test worker] DEBUG io.yggdrash.contract.yeed.YeedContract - Confirm Id : 2acb2f5efbeb9a0779df481324ba6084f39cc91b2c5a3d7099ac320d504fe709
12:38:16.878 [Test worker] DEBUG io.yggdrash.contract.yeed.YeedContract - ProposeId : 9b2cb3def8a459cbb8b71dfc9669c037f291b71bfea8e3c1522c4e10bb33cd3f (ProposeKey=pis-9b2cb3def8a459cbb8b71dfc9669c037f291b71bfea8e3c1522c4e10bb33cd3f) is PROCESSING
12:38:16.882 [Test worker] DEBUG io.yggdrash.contract.yeed.YeedContract - TxConfirm ProposeId :  9b2cb3def8a459cbb8b71dfc9669c037f291b71bfea8e3c1522c4e10bb33cd3f
12:38:16.882 [Test worker] DEBUG io.yggdrash.contract.yeed.YeedContract - TxConfirm Status : VALIDATE_REQUIRE
12:38:16.882 [Test worker] DEBUG io.yggdrash.contract.yeed.YeedContract - Propose require block height : 100000 
12:38:16.882 [Test worker] DEBUG io.yggdrash.contract.yeed.YeedContract - TxConfirm block height : 100010 
12:38:16.882 [Test worker] DEBUG io.yggdrash.contract.yeed.YeedContract - CheckBlockHeight : true
12:38:16.883 [Test worker] DEBUG io.yggdrash.contract.yeed.YeedContract - Stake YEED 1000000000000000000
12:38:16.883 [Test worker] DEBUG io.yggdrash.contract.yeed.YeedContract - TransferYeed YEED 500000000000000000
12:38:16.883 [Test worker] DEBUG io.yggdrash.contract.yeed.YeedContract - PI Fee 100000000000000000
12:38:16.883 [Test worker] DEBUG io.yggdrash.contract.yeed.InterChainProcessTest - Remain Stake YEED : 600000000000000000 
12:38:16.884 [Test worker] DEBUG io.yggdrash.contract.yeed.YeedContract - TxConfirm ProposeId :  9b2cb3def8a459cbb8b71dfc9669c037f291b71bfea8e3c1522c4e10bb33cd3f
12:38:16.884 [Test worker] DEBUG io.yggdrash.contract.yeed.YeedContract - TxConfirm Status : VALIDATE_REQUIRE
12:38:16.884 [Test worker] DEBUG io.yggdrash.contract.yeed.YeedContract - Propose require block height : 100000 
12:38:16.884 [Test worker] DEBUG io.yggdrash.contract.yeed.YeedContract - TxConfirm block height : 100010 
12:38:16.885 [Test worker] DEBUG io.yggdrash.contract.yeed.YeedContract - CheckBlockHeight : true
12:38:16.885 [Test worker] DEBUG io.yggdrash.contract.yeed.YeedContract - Stake YEED 500000000000000000
12:38:16.885 [Test worker] DEBUG io.yggdrash.contract.yeed.YeedContract - TransferYeed YEED 500000000000000000
12:38:16.885 [Test worker] DEBUG io.yggdrash.contract.yeed.YeedContract - PI Fee 100000000000000000
12:38:16.886 [Test worker] DEBUG io.yggdrash.contract.yeed.YeedContract - ProposeId : 9b2cb3def8a459cbb8b71dfc9669c037f291b71bfea8e3c1522c4e10bb33cd3f (ProposeKey=pis-9b2cb3def8a459cbb8b71dfc9669c037f291b71bfea8e3c1522c4e10bb33cd3f) is DONE
12:38:16.887 [Test worker] DEBUG io.yggdrash.contract.yeed.YeedContract - Address of Frontier : c91e9d46dd4b7584f0b6348ee18277c10fd7cb94Balance of Frontier : 1000000000000000000000000000
12:38:16.887 [Test worker] DEBUG io.yggdrash.contract.yeed.YeedContract - Address of Frontier : 1a0cdead3d1d1dbeef848fef9053b4f0ae06db9eBalance of Frontier : 1000000000000000000000000000
12:38:16.888 [Test worker] DEBUG io.yggdrash.contract.yeed.YeedContract - Address of Frontier : 5e032243d507c743b061ef021e2ec7fcc6d3ab89Balance of Frontier : 10000000000000000000
12:38:16.888 [Test worker] DEBUG io.yggdrash.contract.yeed.YeedContract - Address of Frontier : cee3d4755e47055b530deeba062c5bd0c17eb00fBalance of Frontier : 998000000000000000000000000000
12:38:16.889 [Test worker] DEBUG io.yggdrash.contract.yeed.YeedContract - Address of Frontier : c3cf7a283a4415ce3c41f5374934612389334780Balance of Frontier : 10000000000000000000000000000000000000000
12:38:16.889 [Test worker] DEBUG io.yggdrash.contract.yeed.YeedContract - Address of Frontier : 4d01e237570022440aa126ca0b63065d7f5fd589Balance of Frontier : 10000000000000000000000000000000000000000
12:38:16.894 [Test worker] DEBUG io.yggdrash.contract.yeed.YeedContract - Propose Id Key : pi-45ba54d414fd660ccfa0fc59eb344a1396e19f1e7785647a3c68bd677d5efac4 
12:38:16.894 [Test worker] DEBUG io.yggdrash.contract.yeed.YeedContract - ProposeId : 45ba54d414fd660ccfa0fc59eb344a1396e19f1e7785647a3c68bd677d5efac4 (ProposeKey=pis-45ba54d414fd660ccfa0fc59eb344a1396e19f1e7785647a3c68bd677d5efac4) is ISSUED
12:38:16.904 [Test worker] DEBUG io.yggdrash.contract.yeed.YeedContract - Ratio : 1
12:38:16.904 [Test worker] DEBUG io.yggdrash.contract.yeed.YeedContract - transferYeed : 500000000000000000
12:38:16.904 [Test worker] DEBUG io.yggdrash.contract.yeed.YeedContract - Confirm Id : 1d721917f66b9f1764eae4b2eedd8087475ee4f638481edd638cdb0ea511b49c
12:38:16.905 [Test worker] DEBUG io.yggdrash.contract.yeed.YeedContract - ProposeId : 45ba54d414fd660ccfa0fc59eb344a1396e19f1e7785647a3c68bd677d5efac4 (ProposeKey=pis-45ba54d414fd660ccfa0fc59eb344a1396e19f1e7785647a3c68bd677d5efac4) is PROCESSING
12:38:16.905 [Test worker] DEBUG io.yggdrash.contract.yeed.InterChainProcessTest - txLog=[Transfer 0 from d2d3b8ec31ffce3c092122e53152482fc75f6546 to d2d3b8ec31ffce3c092122e53152482fc75f6546 fee 100000000000000000, Transfer fee d2d3b8ec31ffce3c092122e53152482fc75f6546 from 100000000000000000 success, Propose 45ba54d414fd660ccfa0fc59eb344a1396e19f1e7785647a3c68bd677d5efac4 check YEED_TO_ETHER network 1 transaction d9fa10d6347092b8bdb76e727d852992c6edd0aa7ce653ff98c15cbed684d2ea confirm ID 1d721917f66b9f1764eae4b2eedd8087475ee4f638481edd638cdb0ea511b49c, Propose 45ba54d414fd660ccfa0fc59eb344a1396e19f1e7785647a3c68bd677d5efac4 PROCESSING, Yeed to Eth Proposal completed successfully]
12:38:16.910 [Test worker] DEBUG io.yggdrash.contract.yeed.YeedContract - Ratio : 1
12:38:16.910 [Test worker] DEBUG io.yggdrash.contract.yeed.YeedContract - transferYeed : 500000000000000000
12:38:16.910 [Test worker] DEBUG io.yggdrash.contract.yeed.YeedContract - Confirm Id : 1d721917f66b9f1764eae4b2eedd8087475ee4f638481edd638cdb0ea511b49c
12:38:16.910 [Test worker] DEBUG io.yggdrash.contract.yeed.YeedContract - ProcessPropose Exception : Propose Confirm Duplicate
12:38:16.910 [Test worker] DEBUG io.yggdrash.contract.yeed.InterChainProcessTest - txLog=[Transfer 0 from d2d3b8ec31ffce3c092122e53152482fc75f6546 to d2d3b8ec31ffce3c092122e53152482fc75f6546 fee 100000000000000000, Transfer fee d2d3b8ec31ffce3c092122e53152482fc75f6546 from 100000000000000000 success, Propose 45ba54d414fd660ccfa0fc59eb344a1396e19f1e7785647a3c68bd677d5efac4 check YEED_TO_ETHER network 1 transaction d9fa10d6347092b8bdb76e727d852992c6edd0aa7ce653ff98c15cbed684d2ea confirm ID 1d721917f66b9f1764eae4b2eedd8087475ee4f638481edd638cdb0ea511b49c, Propose 45ba54d414fd660ccfa0fc59eb344a1396e19f1e7785647a3c68bd677d5efac4 PROCESSING, Yeed to Eth Proposal completed successfully, Transfer 0 from d2d3b8ec31ffce3c092122e53152482fc75f6546 to d2d3b8ec31ffce3c092122e53152482fc75f6546 fee 100000000000000000, Transfer fee d2d3b8ec31ffce3c092122e53152482fc75f6546 from 100000000000000000 success, Propose 45ba54d414fd660ccfa0fc59eb344a1396e19f1e7785647a3c68bd677d5efac4 transaction 1d721917f66b9f1764eae4b2eedd8087475ee4f638481edd638cdb0ea511b49c exist, Propose Confirm Duplicate]
12:38:16.911 [Test worker] DEBUG io.yggdrash.contract.yeed.YeedContract - Address of Frontier : c91e9d46dd4b7584f0b6348ee18277c10fd7cb94Balance of Frontier : 1000000000000000000000000000
12:38:16.912 [Test worker] DEBUG io.yggdrash.contract.yeed.YeedContract - Address of Frontier : 1a0cdead3d1d1dbeef848fef9053b4f0ae06db9eBalance of Frontier : 1000000000000000000000000000
12:38:16.912 [Test worker] DEBUG io.yggdrash.contract.yeed.YeedContract - Address of Frontier : 5e032243d507c743b061ef021e2ec7fcc6d3ab89Balance of Frontier : 10000000000000000000
12:38:16.912 [Test worker] DEBUG io.yggdrash.contract.yeed.YeedContract - Address of Frontier : cee3d4755e47055b530deeba062c5bd0c17eb00fBalance of Frontier : 998000000000000000000000000000
12:38:16.912 [Test worker] DEBUG io.yggdrash.contract.yeed.YeedContract - Address of Frontier : c3cf7a283a4415ce3c41f5374934612389334780Balance of Frontier : 10000000000000000000000000000000000000000
12:38:16.913 [Test worker] DEBUG io.yggdrash.contract.yeed.YeedContract - Address of Frontier : 4d01e237570022440aa126ca0b63065d7f5fd589Balance of Frontier : 10000000000000000000000000000000000000000
12:38:16.914 [Test worker] DEBUG io.yggdrash.contract.yeed.YeedContract - Propose Id Key : pi-08be4612a8983ab68b6cd8155564438a25658f5849df0b394aa3badb188a8465 
12:38:16.917 [Test worker] DEBUG io.yggdrash.contract.yeed.YeedContract - ProposeId : 08be4612a8983ab68b6cd8155564438a25658f5849df0b394aa3badb188a8465 (ProposeKey=pis-08be4612a8983ab68b6cd8155564438a25658f5849df0b394aa3badb188a8465) is ISSUED
12:38:16.917 [Test worker] DEBUG io.yggdrash.contract.yeed.InterChainProcessTest - Propose ID : 08be4612a8983ab68b6cd8155564438a25658f5849df0b394aa3badb188a8465 
12:38:16.918 [Test worker] DEBUG io.yggdrash.contract.yeed.InterChainProcessTest - {"proposeId":"08be4612a8983ab68b6cd8155564438a25658f5849df0b394aa3badb188a8465","transactionId":"0x00","targetAddress":"ca2796f9f61dc7b238aab043971e49c6164df375","receiverAddress":"c3cf7a283a4415ce3c41f5374934612389334780","receiveAsset":100000000000000000000000000,"receiveChainId":1,"networkBlockHeight":100000,"proposeType":3,"senderAddress":"","inputData":null,"stakeYeed":100000000000000000000000000,"blockHeight":1000,"fee":100000000000000000,"issuer":"c3cf7a283a4415ce3c41f5374934612389334780","method":"a9059cbb","status":"ISSUED"}
12:38:16.929 [Test worker] DEBUG io.yggdrash.contract.yeed.ehtereum.EthTokenTransaction - is EthTokenTransaction  : 0
12:38:16.930 [Test worker] DEBUG io.yggdrash.contract.yeed.ehtereum.EthTokenTransaction - Size : 2
12:38:16.930 [Test worker] DEBUG io.yggdrash.contract.yeed.ehtereum.EthTokenTransaction - POSITION : 4 
12:38:16.930 [Test worker] DEBUG io.yggdrash.contract.yeed.ehtereum.EthTokenTransaction - POSITION : 36 
12:38:16.931 [Test worker] DEBUG io.yggdrash.contract.yeed.YeedContract - Ratio : 1
12:38:16.931 [Test worker] DEBUG io.yggdrash.contract.yeed.YeedContract - transferYeed : 100000000000000000000
12:38:16.931 [Test worker] DEBUG io.yggdrash.contract.yeed.YeedContract - Confirm Id : 864401d3c210f0ed478267be45405d98dd14486f8b71e244534ed54a431faad2
12:38:16.931 [Test worker] DEBUG io.yggdrash.contract.yeed.YeedContract - ProposeId : 08be4612a8983ab68b6cd8155564438a25658f5849df0b394aa3badb188a8465 (ProposeKey=pis-08be4612a8983ab68b6cd8155564438a25658f5849df0b394aa3badb188a8465) is PROCESSING
12:38:16.932 [Test worker] DEBUG io.yggdrash.contract.yeed.YeedContract - TxConfirm ProposeId :  08be4612a8983ab68b6cd8155564438a25658f5849df0b394aa3badb188a8465
12:38:16.932 [Test worker] DEBUG io.yggdrash.contract.yeed.YeedContract - TxConfirm Status : VALIDATE_REQUIRE
12:38:16.932 [Test worker] DEBUG io.yggdrash.contract.yeed.YeedContract - Propose require block height : 100000 
12:38:16.932 [Test worker] DEBUG io.yggdrash.contract.yeed.YeedContract - TxConfirm block height : 100010 
12:38:16.932 [Test worker] DEBUG io.yggdrash.contract.yeed.YeedContract - CheckBlockHeight : true
12:38:16.932 [Test worker] DEBUG io.yggdrash.contract.yeed.YeedContract - Stake YEED 100000000000000000000000000
12:38:16.932 [Test worker] DEBUG io.yggdrash.contract.yeed.YeedContract - TransferYeed YEED 100000000000000000000
12:38:16.933 [Test worker] DEBUG io.yggdrash.contract.yeed.YeedContract - PI Fee 100000000000000000
12:38:16.934 [Test worker] DEBUG io.yggdrash.contract.yeed.YeedContract - Address of Frontier : c91e9d46dd4b7584f0b6348ee18277c10fd7cb94Balance of Frontier : 1000000000000000000000000000
12:38:16.934 [Test worker] DEBUG io.yggdrash.contract.yeed.YeedContract - Address of Frontier : 1a0cdead3d1d1dbeef848fef9053b4f0ae06db9eBalance of Frontier : 1000000000000000000000000000
12:38:16.935 [Test worker] DEBUG io.yggdrash.contract.yeed.YeedContract - Address of Frontier : 5e032243d507c743b061ef021e2ec7fcc6d3ab89Balance of Frontier : 10000000000000000000
12:38:16.935 [Test worker] DEBUG io.yggdrash.contract.yeed.YeedContract - Address of Frontier : cee3d4755e47055b530deeba062c5bd0c17eb00fBalance of Frontier : 998000000000000000000000000000
12:38:16.935 [Test worker] DEBUG io.yggdrash.contract.yeed.YeedContract - Address of Frontier : c3cf7a283a4415ce3c41f5374934612389334780Balance of Frontier : 10000000000000000000000000000000000000000
12:38:16.935 [Test worker] DEBUG io.yggdrash.contract.yeed.YeedContract - Address of Frontier : 4d01e237570022440aa126ca0b63065d7f5fd589Balance of Frontier : 10000000000000000000000000000000000000000
12:38:16.938 [Test worker] DEBUG io.yggdrash.contract.yeed.YeedContract - Propose Id Key : pi-d1fd836073238f054d4f2970b253ab0067a6cf851344d096c5ccdd2097c42bbe 
12:38:16.938 [Test worker] DEBUG io.yggdrash.contract.yeed.YeedContract - ProposeId : d1fd836073238f054d4f2970b253ab0067a6cf851344d096c5ccdd2097c42bbe (ProposeKey=pis-d1fd836073238f054d4f2970b253ab0067a6cf851344d096c5ccdd2097c42bbe) is ISSUED
12:38:16.946 [Test worker] DEBUG io.yggdrash.contract.yeed.YeedContract - Ratio : 1
12:38:16.946 [Test worker] DEBUG io.yggdrash.contract.yeed.YeedContract - transferYeed : 1000000000000000000
12:38:16.946 [Test worker] DEBUG io.yggdrash.contract.yeed.YeedContract - Confirm Id : de12b898f58e64e36164ae85914d295ea75ab1108893cd8df3f587b1971a6729
12:38:16.946 [Test worker] DEBUG io.yggdrash.contract.yeed.YeedContract - ProposeId : d1fd836073238f054d4f2970b253ab0067a6cf851344d096c5ccdd2097c42bbe (ProposeKey=pis-d1fd836073238f054d4f2970b253ab0067a6cf851344d096c5ccdd2097c42bbe) is PROCESSING
12:38:16.947 [Test worker] DEBUG io.yggdrash.contract.yeed.YeedContract - TxConfirm ProposeId :  d1fd836073238f054d4f2970b253ab0067a6cf851344d096c5ccdd2097c42bbe
12:38:16.947 [Test worker] DEBUG io.yggdrash.contract.yeed.YeedContract - TxConfirm Status : VALIDATE_REQUIRE
12:38:16.947 [Test worker] DEBUG io.yggdrash.contract.yeed.YeedContract - Propose require block height : 100000 
12:38:16.947 [Test worker] DEBUG io.yggdrash.contract.yeed.YeedContract - TxConfirm block height : 100010 
12:38:16.947 [Test worker] DEBUG io.yggdrash.contract.yeed.YeedContract - CheckBlockHeight : true
12:38:16.948 [Test worker] DEBUG io.yggdrash.contract.yeed.YeedContract - Stake YEED 1000000000000000000
12:38:16.948 [Test worker] DEBUG io.yggdrash.contract.yeed.YeedContract - TransferYeed YEED 1000000000000000000
12:38:16.948 [Test worker] DEBUG io.yggdrash.contract.yeed.YeedContract - PI Fee 100000000000000000
12:38:16.948 [Test worker] DEBUG io.yggdrash.contract.yeed.YeedContract - ProposeId : d1fd836073238f054d4f2970b253ab0067a6cf851344d096c5ccdd2097c42bbe (ProposeKey=pis-d1fd836073238f054d4f2970b253ab0067a6cf851344d096c5ccdd2097c42bbe) is DONE
12:38:16.949 [Test worker] DEBUG io.yggdrash.contract.yeed.YeedContract - Address of Frontier : c91e9d46dd4b7584f0b6348ee18277c10fd7cb94Balance of Frontier : 1000000000000000000000000000
12:38:16.949 [Test worker] DEBUG io.yggdrash.contract.yeed.YeedContract - Address of Frontier : 1a0cdead3d1d1dbeef848fef9053b4f0ae06db9eBalance of Frontier : 1000000000000000000000000000
12:38:16.950 [Test worker] DEBUG io.yggdrash.contract.yeed.YeedContract - Address of Frontier : 5e032243d507c743b061ef021e2ec7fcc6d3ab89Balance of Frontier : 10000000000000000000
12:38:16.950 [Test worker] DEBUG io.yggdrash.contract.yeed.YeedContract - Address of Frontier : cee3d4755e47055b530deeba062c5bd0c17eb00fBalance of Frontier : 998000000000000000000000000000
12:38:16.950 [Test worker] DEBUG io.yggdrash.contract.yeed.YeedContract - Address of Frontier : c3cf7a283a4415ce3c41f5374934612389334780Balance of Frontier : 10000000000000000000000000000000000000000
12:38:16.950 [Test worker] DEBUG io.yggdrash.contract.yeed.YeedContract - Address of Frontier : 4d01e237570022440aa126ca0b63065d7f5fd589Balance of Frontier : 10000000000000000000000000000000000000000
12:38:16.953 [Test worker] DEBUG io.yggdrash.contract.yeed.YeedContract - Propose Id Key : pi-263c1c604bc7e2f61050de88a297cb120149a8b117cdac329c96626e3920d24e 
12:38:16.953 [Test worker] DEBUG io.yggdrash.contract.yeed.YeedContract - ProposeId : 263c1c604bc7e2f61050de88a297cb120149a8b117cdac329c96626e3920d24e (ProposeKey=pis-263c1c604bc7e2f61050de88a297cb120149a8b117cdac329c96626e3920d24e) is ISSUED
12:38:16.960 [Test worker] DEBUG io.yggdrash.contract.yeed.InterChainProcessTest - 06f05b59d3b20000
12:38:16.963 [Test worker] ERROR io.yggdrash.contract.yeed.YeedContract - [Yeed -> Eth] Error Code
12:38:16.964 [Test worker] DEBUG io.yggdrash.contract.yeed.InterChainProcessTest - txLog=[Transfer 0 from 523afd27a107e5b5c81ea3a36510fe3ec2c74544 to 523afd27a107e5b5c81ea3a36510fe3ec2c74544 fee 100000000000000000, Transfer fee 523afd27a107e5b5c81ea3a36510fe3ec2c74544 from 100000000000000000 success, Sender Address is Invalid]
12:38:16.965 [Test worker] DEBUG io.yggdrash.contract.yeed.YeedContract - Address of Frontier : c91e9d46dd4b7584f0b6348ee18277c10fd7cb94Balance of Frontier : 1000000000000000000000000000
12:38:16.965 [Test worker] DEBUG io.yggdrash.contract.yeed.YeedContract - Address of Frontier : 1a0cdead3d1d1dbeef848fef9053b4f0ae06db9eBalance of Frontier : 1000000000000000000000000000
12:38:16.965 [Test worker] DEBUG io.yggdrash.contract.yeed.YeedContract - Address of Frontier : 5e032243d507c743b061ef021e2ec7fcc6d3ab89Balance of Frontier : 10000000000000000000
12:38:16.966 [Test worker] DEBUG io.yggdrash.contract.yeed.YeedContract - Address of Frontier : cee3d4755e47055b530deeba062c5bd0c17eb00fBalance of Frontier : 998000000000000000000000000000
12:38:16.966 [Test worker] DEBUG io.yggdrash.contract.yeed.YeedContract - Address of Frontier : c3cf7a283a4415ce3c41f5374934612389334780Balance of Frontier : 10000000000000000000000000000000000000000
12:38:16.966 [Test worker] DEBUG io.yggdrash.contract.yeed.YeedContract - Address of Frontier : 4d01e237570022440aa126ca0b63065d7f5fd589Balance of Frontier : 10000000000000000000000000000000000000000
12:38:16.967 [Test worker] DEBUG io.yggdrash.contract.yeed.YeedContract - Address of Frontier : c91e9d46dd4b7584f0b6348ee18277c10fd7cb94Balance of Frontier : 1000000000000000000000000000
12:38:16.967 [Test worker] DEBUG io.yggdrash.contract.yeed.YeedContract - Address of Frontier : 1a0cdead3d1d1dbeef848fef9053b4f0ae06db9eBalance of Frontier : 1000000000000000000000000000
12:38:16.967 [Test worker] DEBUG io.yggdrash.contract.yeed.YeedContract - Address of Frontier : 5e032243d507c743b061ef021e2ec7fcc6d3ab89Balance of Frontier : 10000000000000000000
12:38:16.967 [Test worker] DEBUG io.yggdrash.contract.yeed.YeedContract - Address of Frontier : cee3d4755e47055b530deeba062c5bd0c17eb00fBalance of Frontier : 998000000000000000000000000000
12:38:16.968 [Test worker] DEBUG io.yggdrash.contract.yeed.YeedContract - Address of Frontier : c3cf7a283a4415ce3c41f5374934612389334780Balance of Frontier : 10000000000000000000000000000000000000000
12:38:16.968 [Test worker] DEBUG io.yggdrash.contract.yeed.YeedContract - Address of Frontier : 4d01e237570022440aa126ca0b63065d7f5fd589Balance of Frontier : 10000000000000000000000000000000000000000
12:38:16.968 [Test worker] DEBUG io.yggdrash.contract.yeed.YeedContract - Propose Id Key : pi-ea79c0652a5c88db8a0f53d37a2944a56ff2eaf4185370191c98313843b35056 
12:38:16.969 [Test worker] DEBUG io.yggdrash.contract.yeed.YeedContract - ProposeId : ea79c0652a5c88db8a0f53d37a2944a56ff2eaf4185370191c98313843b35056 (ProposeKey=pis-ea79c0652a5c88db8a0f53d37a2944a56ff2eaf4185370191c98313843b35056) is ISSUED
12:38:16.969 [Test worker] DEBUG io.yggdrash.contract.yeed.InterChainProcessTest - txLog=[Transfer 11000000000000000 from c3cf7a283a4415ce3c41f5374934612389334780 to ea79c0652a5c88db8a0f53d37a2944a56ff2eaf4185370191c98313843b35056 fee 0, Propose ea79c0652a5c88db8a0f53d37a2944a56ff2eaf4185370191c98313843b35056 ISSUED]
12:38:16.969 [Test worker] DEBUG io.yggdrash.contract.yeed.InterChainProcessTest - Proposal Stake YEED 11000000000000000
12:38:16.969 [Test worker] DEBUG io.yggdrash.contract.yeed.InterChainProcessTest - Issuer Origin YEED 10000000000000000000000000000000000000000
12:38:16.969 [Test worker] DEBUG io.yggdrash.contract.yeed.InterChainProcessTest - Issuer After Proposal Issued YEED 9999999999999999999999989000000000000000
12:38:16.970 [Test worker] DEBUG io.yggdrash.contract.yeed.InterChainProcessTest - Proposal = {"proposeId":"ea79c0652a5c88db8a0f53d37a2944a56ff2eaf4185370191c98313843b35056","transactionId":"0x00","targetAddress":"","receiverAddress":"c3cf7a283a4415ce3c41f5374934612389334780","receiveAsset":10000000,"receiveChainId":1,"networkBlockHeight":10,"proposeType":1,"senderAddress":"c91e9d46dd4b7584f0b6348ee18277c10fd7cb94","inputData":null,"stakeYeed":1000000000000000,"blockHeight":1000000,"fee":10000000000000000,"issuer":"c3cf7a283a4415ce3c41f5374934612389334780","method":"","status":"ISSUED"}
12:38:16.970 [Test worker] DEBUG io.yggdrash.contract.yeed.YeedContract - Address of Frontier : c91e9d46dd4b7584f0b6348ee18277c10fd7cb94Balance of Frontier : 1000000000000000000000000000
12:38:16.970 [Test worker] DEBUG io.yggdrash.contract.yeed.YeedContract - Address of Frontier : 1a0cdead3d1d1dbeef848fef9053b4f0ae06db9eBalance of Frontier : 1000000000000000000000000000
12:38:16.971 [Test worker] DEBUG io.yggdrash.contract.yeed.YeedContract - Address of Frontier : 5e032243d507c743b061ef021e2ec7fcc6d3ab89Balance of Frontier : 10000000000000000000
12:38:16.971 [Test worker] DEBUG io.yggdrash.contract.yeed.YeedContract - Address of Frontier : cee3d4755e47055b530deeba062c5bd0c17eb00fBalance of Frontier : 998000000000000000000000000000
12:38:16.971 [Test worker] DEBUG io.yggdrash.contract.yeed.YeedContract - Address of Frontier : c3cf7a283a4415ce3c41f5374934612389334780Balance of Frontier : 10000000000000000000000000000000000000000
12:38:16.971 [Test worker] DEBUG io.yggdrash.contract.yeed.YeedContract - Address of Frontier : 4d01e237570022440aa126ca0b63065d7f5fd589Balance of Frontier : 10000000000000000000000000000000000000000
12:38:16.971 [Test worker] DEBUG io.yggdrash.contract.yeed.InterChainProcessTest - issuerOriginBalance  : 10000000000000000000000000000000000000000 
12:38:16.972 [Test worker] DEBUG io.yggdrash.contract.yeed.YeedContract - Propose Id Key : pi-ceaf3d566d61726e7e6f3d14553665b1e3387ba093911a043c35097a81c218ee 
12:38:16.972 [Test worker] DEBUG io.yggdrash.contract.yeed.YeedContract - ProposeId : ceaf3d566d61726e7e6f3d14553665b1e3387ba093911a043c35097a81c218ee (ProposeKey=pis-ceaf3d566d61726e7e6f3d14553665b1e3387ba093911a043c35097a81c218ee) is ISSUED
12:38:16.972 [Test worker] DEBUG io.yggdrash.contract.yeed.InterChainProcessTest - Log 1 : Propose ceaf3d566d61726e7e6f3d14553665b1e3387ba093911a043c35097a81c218ee ISSUED 
12:38:16.973 [Test worker] DEBUG io.yggdrash.contract.yeed.InterChainProcessTest - ProposeId=ceaf3d566d61726e7e6f3d14553665b1e3387ba093911a043c35097a81c218ee
12:38:16.973 [Test worker] DEBUG io.yggdrash.contract.yeed.InterChainProcessTest - Proposal={"receiverAddress":"ad8992d6f78d9cc597438efbccd8940d7c02bc6d","receiveAsset":11000000000000000000,"receiveChainId":1,"networkBlockHeight":10,"proposeType":1,"senderAddress":"dcf94a3153398b9e78a3202ffb7d0c606348f616","inputData":null,"stakeYeed":1000000000000000000,"blockHeight":1000000,"fee":10000000000000000,"transactionId":"0x02","issuer":"c3cf7a283a4415ce3c41f5374934612389334780"}
12:38:16.975 [Test worker] DEBUG io.yggdrash.contract.yeed.InterChainProcessTest - Sender : d21629411073b5ac9e8896f980a2fd066cbea7e6 
12:38:16.975 [Test worker] DEBUG io.yggdrash.contract.yeed.InterChainProcessTest - Receiver : 735c4b587ae018c4733df6a8ef59711d15f551b4
12:38:16.975 [Test worker] DEBUG io.yggdrash.contract.yeed.InterChainProcessTest - 1000000000000000000 WEI
12:38:16.979 [Test worker] ERROR io.yggdrash.contract.yeed.YeedContract - [Yeed -> Eth] Error Code
12:38:16.980 [Test worker] DEBUG io.yggdrash.contract.yeed.InterChainProcessTest - Transfer 0 from c3cf7a283a4415ce3c41f5374934612389334780 to c3cf7a283a4415ce3c41f5374934612389334780 fee 10000000000000000
12:38:16.980 [Test worker] DEBUG io.yggdrash.contract.yeed.InterChainProcessTest - Transfer fee c3cf7a283a4415ce3c41f5374934612389334780 from 10000000000000000 success
12:38:16.980 [Test worker] DEBUG io.yggdrash.contract.yeed.InterChainProcessTest - Receiver Address is Invalid
12:38:16.980 [Test worker] DEBUG io.yggdrash.contract.yeed.InterChainProcessTest - Sender Address is Invalid
12:38:16.981 [Test worker] DEBUG io.yggdrash.contract.yeed.YeedContract - Address of Frontier : c91e9d46dd4b7584f0b6348ee18277c10fd7cb94Balance of Frontier : 1000000000000000000000000000
12:38:16.981 [Test worker] DEBUG io.yggdrash.contract.yeed.YeedContract - Address of Frontier : 1a0cdead3d1d1dbeef848fef9053b4f0ae06db9eBalance of Frontier : 1000000000000000000000000000
12:38:16.981 [Test worker] DEBUG io.yggdrash.contract.yeed.YeedContract - Address of Frontier : 5e032243d507c743b061ef021e2ec7fcc6d3ab89Balance of Frontier : 10000000000000000000
12:38:16.981 [Test worker] DEBUG io.yggdrash.contract.yeed.YeedContract - Address of Frontier : cee3d4755e47055b530deeba062c5bd0c17eb00fBalance of Frontier : 998000000000000000000000000000
12:38:16.982 [Test worker] DEBUG io.yggdrash.contract.yeed.YeedContract - Address of Frontier : c3cf7a283a4415ce3c41f5374934612389334780Balance of Frontier : 10000000000000000000000000000000000000000
12:38:16.982 [Test worker] DEBUG io.yggdrash.contract.yeed.YeedContract - Address of Frontier : 4d01e237570022440aa126ca0b63065d7f5fd589Balance of Frontier : 10000000000000000000000000000000000000000
12:38:16.982 [Test worker] DEBUG io.yggdrash.contract.yeed.YeedContract - Propose Id Key : pi-ea79c0652a5c88db8a0f53d37a2944a56ff2eaf4185370191c98313843b35056 
12:38:16.982 [Test worker] DEBUG io.yggdrash.contract.yeed.YeedContract - ProposeId : ea79c0652a5c88db8a0f53d37a2944a56ff2eaf4185370191c98313843b35056 (ProposeKey=pis-ea79c0652a5c88db8a0f53d37a2944a56ff2eaf4185370191c98313843b35056) is ISSUED
12:38:16.982 [Test worker] DEBUG io.yggdrash.contract.yeed.InterChainProcessTest - txLog=[Transfer 11000000000000000 from c3cf7a283a4415ce3c41f5374934612389334780 to ea79c0652a5c88db8a0f53d37a2944a56ff2eaf4185370191c98313843b35056 fee 0, Propose ea79c0652a5c88db8a0f53d37a2944a56ff2eaf4185370191c98313843b35056 ISSUED]
12:38:16.983 [Test worker] DEBUG io.yggdrash.contract.yeed.InterChainProcessTest - Proposal Stake YEED 11000000000000000
12:38:16.983 [Test worker] DEBUG io.yggdrash.contract.yeed.InterChainProcessTest - Issuer Origin YEED 10000000000000000000000000000000000000000
12:38:16.983 [Test worker] DEBUG io.yggdrash.contract.yeed.InterChainProcessTest - Issuer After Proposal Issued YEED 9999999999999999999999989000000000000000
12:38:16.983 [Test worker] DEBUG io.yggdrash.contract.yeed.InterChainProcessTest - Proposal = {"proposeId":"ea79c0652a5c88db8a0f53d37a2944a56ff2eaf4185370191c98313843b35056","transactionId":"0x00","targetAddress":"","receiverAddress":"c3cf7a283a4415ce3c41f5374934612389334780","receiveAsset":10000000,"receiveChainId":1,"networkBlockHeight":10,"proposeType":1,"senderAddress":"c91e9d46dd4b7584f0b6348ee18277c10fd7cb94","inputData":null,"stakeYeed":1000000000000000,"blockHeight":1000000,"fee":10000000000000000,"issuer":"c3cf7a283a4415ce3c41f5374934612389334780","method":"","status":"ISSUED"}
12:38:16.984 [Test worker] DEBUG io.yggdrash.contract.yeed.YeedContract - ClosePropose Exception : Transaction issuer is not the proposal issuer
12:38:16.985 [Test worker] DEBUG io.yggdrash.contract.yeed.YeedContract - Address of Frontier : c91e9d46dd4b7584f0b6348ee18277c10fd7cb94Balance of Frontier : 1000000000000000000000000000
12:38:16.985 [Test worker] DEBUG io.yggdrash.contract.yeed.YeedContract - Address of Frontier : 1a0cdead3d1d1dbeef848fef9053b4f0ae06db9eBalance of Frontier : 1000000000000000000000000000
12:38:16.985 [Test worker] DEBUG io.yggdrash.contract.yeed.YeedContract - Address of Frontier : 5e032243d507c743b061ef021e2ec7fcc6d3ab89Balance of Frontier : 10000000000000000000
12:38:16.986 [Test worker] DEBUG io.yggdrash.contract.yeed.YeedContract - Address of Frontier : cee3d4755e47055b530deeba062c5bd0c17eb00fBalance of Frontier : 998000000000000000000000000000
12:38:16.986 [Test worker] DEBUG io.yggdrash.contract.yeed.YeedContract - Address of Frontier : c3cf7a283a4415ce3c41f5374934612389334780Balance of Frontier : 10000000000000000000000000000000000000000
12:38:16.986 [Test worker] DEBUG io.yggdrash.contract.yeed.YeedContract - Address of Frontier : 4d01e237570022440aa126ca0b63065d7f5fd589Balance of Frontier : 10000000000000000000000000000000000000000
12:38:16.986 [Test worker] DEBUG io.yggdrash.contract.yeed.InterChainProcessTest - issuerOriginBalance : 10000000000000000000000000000000000000000 
12:38:16.986 [Test worker] DEBUG io.yggdrash.contract.yeed.YeedContract - Invalid amount of stakeYeed
12:38:16.986 [Test worker] DEBUG io.yggdrash.contract.yeed.InterChainProcessTest - txLog=[Invalid amount of stakeYeed]
12:38:16.987 [Test worker] DEBUG io.yggdrash.contract.yeed.YeedContract - Low transaction fee
12:38:16.987 [Test worker] DEBUG io.yggdrash.contract.yeed.InterChainProcessTest - txLog=[Invalid amount of stakeYeed, Low transaction fee]
12:38:16.987 [Test worker] DEBUG io.yggdrash.contract.yeed.YeedContract - Propose Id Key : pi-ceaf3d566d61726e7e6f3d14553665b1e3387ba093911a043c35097a81c218ee 
12:38:16.987 [Test worker] DEBUG io.yggdrash.contract.yeed.YeedContract - ProposeId : ceaf3d566d61726e7e6f3d14553665b1e3387ba093911a043c35097a81c218ee (ProposeKey=pis-ceaf3d566d61726e7e6f3d14553665b1e3387ba093911a043c35097a81c218ee) is ISSUED
12:38:16.988 [Test worker] DEBUG io.yggdrash.contract.yeed.YeedContract - Address of Frontier : c91e9d46dd4b7584f0b6348ee18277c10fd7cb94Balance of Frontier : 1000000000000000000000000000
12:38:16.989 [Test worker] DEBUG io.yggdrash.contract.yeed.YeedContract - Address of Frontier : 1a0cdead3d1d1dbeef848fef9053b4f0ae06db9eBalance of Frontier : 1000000000000000000000000000
12:38:16.989 [Test worker] DEBUG io.yggdrash.contract.yeed.YeedContract - Address of Frontier : 5e032243d507c743b061ef021e2ec7fcc6d3ab89Balance of Frontier : 10000000000000000000
12:38:16.989 [Test worker] DEBUG io.yggdrash.contract.yeed.YeedContract - Address of Frontier : cee3d4755e47055b530deeba062c5bd0c17eb00fBalance of Frontier : 998000000000000000000000000000
12:38:16.989 [Test worker] DEBUG io.yggdrash.contract.yeed.YeedContract - Address of Frontier : c3cf7a283a4415ce3c41f5374934612389334780Balance of Frontier : 10000000000000000000000000000000000000000
12:38:16.990 [Test worker] DEBUG io.yggdrash.contract.yeed.YeedContract - Address of Frontier : 4d01e237570022440aa126ca0b63065d7f5fd589Balance of Frontier : 10000000000000000000000000000000000000000
12:38:16.990 [Test worker] DEBUG io.yggdrash.contract.yeed.InterChainProcessTest - issuerOriginBalance : 10000000000000000000000000000000000000000 
12:38:16.990 [Test worker] DEBUG io.yggdrash.contract.yeed.YeedContract - Propose Id Key : pi-18d48bc062ecab96a6d5b24791b5b41fdb69a12ef76d56f9f842871f92716b7a 
12:38:16.990 [Test worker] DEBUG io.yggdrash.contract.yeed.YeedContract - ProposeId : 18d48bc062ecab96a6d5b24791b5b41fdb69a12ef76d56f9f842871f92716b7a (ProposeKey=pis-18d48bc062ecab96a6d5b24791b5b41fdb69a12ef76d56f9f842871f92716b7a) is ISSUED
12:38:16.991 [Test worker] DEBUG io.yggdrash.contract.yeed.InterChainProcessTest - Issuer Balance After Proposal Issued : 9999999999999999999998990000000000000000 
12:38:16.993 [Test worker] DEBUG io.yggdrash.contract.yeed.InterChainProcessTest - Sender : 5e032243d507c743b061ef021e2ec7fcc6d3ab89 
12:38:16.993 [Test worker] DEBUG io.yggdrash.contract.yeed.InterChainProcessTest - Receiver : c3cf7a283a4415ce3c41f5374934612389334780
12:38:16.993 [Test worker] DEBUG io.yggdrash.contract.yeed.InterChainProcessTest - 1000000000000000000 WEI
12:38:16.997 [Test worker] DEBUG io.yggdrash.contract.yeed.YeedContract - Ratio : 1
12:38:16.997 [Test worker] DEBUG io.yggdrash.contract.yeed.YeedContract - transferYeed : 1000000000000000000
12:38:16.997 [Test worker] DEBUG io.yggdrash.contract.yeed.YeedContract - Confirm Id : 1b1877ab93f8a0301b91c00d0dc582926972a1988c2cec595a3527388ab28ad1
12:38:16.997 [Test worker] DEBUG io.yggdrash.contract.yeed.YeedContract - ProposeId : 18d48bc062ecab96a6d5b24791b5b41fdb69a12ef76d56f9f842871f92716b7a (ProposeKey=pis-18d48bc062ecab96a6d5b24791b5b41fdb69a12ef76d56f9f842871f92716b7a) is PROCESSING
12:38:16.997 [Test worker] DEBUG io.yggdrash.contract.yeed.InterChainProcessTest - txLog=[Transfer 0 from 5e032243d507c743b061ef021e2ec7fcc6d3ab89 to 5e032243d507c743b061ef021e2ec7fcc6d3ab89 fee 10000000000000000, Transfer fee 5e032243d507c743b061ef021e2ec7fcc6d3ab89 from 10000000000000000 success, Propose 18d48bc062ecab96a6d5b24791b5b41fdb69a12ef76d56f9f842871f92716b7a check YEED_TO_ETHER network 1 transaction a077dd42d4421dca5cb8a7a11aca5b27adaf40be2428f9dc8e42a56abdabeb66 confirm ID 1b1877ab93f8a0301b91c00d0dc582926972a1988c2cec595a3527388ab28ad1, Propose 18d48bc062ecab96a6d5b24791b5b41fdb69a12ef76d56f9f842871f92716b7a PROCESSING, Yeed to Eth Proposal completed successfully]
12:38:16.998 [Test worker] DEBUG io.yggdrash.contract.yeed.YeedContract - TxConfirm ProposeId :  18d48bc062ecab96a6d5b24791b5b41fdb69a12ef76d56f9f842871f92716b7a
12:38:16.998 [Test worker] DEBUG io.yggdrash.contract.yeed.YeedContract - TxConfirm Status : VALIDATE_REQUIRE
12:38:16.998 [Test worker] DEBUG io.yggdrash.contract.yeed.YeedContract - Propose require block height : 10 
12:38:16.998 [Test worker] DEBUG io.yggdrash.contract.yeed.YeedContract - TxConfirm block height : 1000001 
12:38:16.998 [Test worker] DEBUG io.yggdrash.contract.yeed.YeedContract - CheckBlockHeight : true
12:38:16.998 [Test worker] DEBUG io.yggdrash.contract.yeed.YeedContract - Stake YEED 1000000000000000000
12:38:16.998 [Test worker] DEBUG io.yggdrash.contract.yeed.YeedContract - TransferYeed YEED 1000000000000000000
12:38:16.998 [Test worker] DEBUG io.yggdrash.contract.yeed.YeedContract - PI Fee 10000000000000000
12:38:16.999 [Test worker] DEBUG io.yggdrash.contract.yeed.YeedContract - ProposeId : 18d48bc062ecab96a6d5b24791b5b41fdb69a12ef76d56f9f842871f92716b7a (ProposeKey=pis-18d48bc062ecab96a6d5b24791b5b41fdb69a12ef76d56f9f842871f92716b7a) is DONE
12:38:16.999 [Test worker] DEBUG io.yggdrash.contract.yeed.InterChainProcessTest - txLog=[Transfer 1000000000000000000 from 18d48bc062ecab96a6d5b24791b5b41fdb69a12ef76d56f9f842871f92716b7a to 5e032243d507c743b061ef021e2ec7fcc6d3ab89 fee 0, 1b1877ab93f8a0301b91c00d0dc582926972a1988c2cec595a3527388ab28ad1 is DONE, Transfer 0 from 18d48bc062ecab96a6d5b24791b5b41fdb69a12ef76d56f9f842871f92716b7a to c3cf7a283a4415ce3c41f5374934612389334780 fee 10000000000000000, Proposal 18d48bc062ecab96a6d5b24791b5b41fdb69a12ef76d56f9f842871f92716b7a DONE]
12:38:17.000 [Test worker] DEBUG io.yggdrash.contract.yeed.InterChainProcessTest - {"txConfirmId":"1b1877ab93f8a0301b91c00d0dc582926972a1988c2cec595a3527388ab28ad1","proposeId":"18d48bc062ecab96a6d5b24791b5b41fdb69a12ef76d56f9f842871f92716b7a","txId":"a077dd42d4421dca5cb8a7a11aca5b27adaf40be2428f9dc8e42a56abdabeb66","senderAddress":"5e032243d507c743b061ef021e2ec7fcc6d3ab89","transferYeed":1000000000000000000,"blockHeight":1000001,"lastBlockHeight":1002001,"index":1,"status":2}
12:38:17.000 [Test worker] DEBUG io.yggdrash.contract.yeed.InterChainProcessTest - Proposal stake : 0 YEED
12:38:17.000 [Test worker] DEBUG io.yggdrash.contract.yeed.InterChainProcessTest - DONE
12:38:17.001 [Test worker] DEBUG io.yggdrash.contract.yeed.YeedContract - Address of Frontier : c91e9d46dd4b7584f0b6348ee18277c10fd7cb94Balance of Frontier : 1000000000000000000000000000
12:38:17.001 [Test worker] DEBUG io.yggdrash.contract.yeed.YeedContract - Address of Frontier : 1a0cdead3d1d1dbeef848fef9053b4f0ae06db9eBalance of Frontier : 1000000000000000000000000000
12:38:17.001 [Test worker] DEBUG io.yggdrash.contract.yeed.YeedContract - Address of Frontier : 5e032243d507c743b061ef021e2ec7fcc6d3ab89Balance of Frontier : 10000000000000000000
12:38:17.001 [Test worker] DEBUG io.yggdrash.contract.yeed.YeedContract - Address of Frontier : cee3d4755e47055b530deeba062c5bd0c17eb00fBalance of Frontier : 998000000000000000000000000000
12:38:17.001 [Test worker] DEBUG io.yggdrash.contract.yeed.YeedContract - Address of Frontier : c3cf7a283a4415ce3c41f5374934612389334780Balance of Frontier : 10000000000000000000000000000000000000000
12:38:17.002 [Test worker] DEBUG io.yggdrash.contract.yeed.YeedContract - Address of Frontier : 4d01e237570022440aa126ca0b63065d7f5fd589Balance of Frontier : 10000000000000000000000000000000000000000
12:38:17.002 [Test worker] DEBUG io.yggdrash.contract.yeed.InterChainProcessTest - invalid proposal {"receiverAddress":"cee3d4755e47055b530deeba062c5bd0c17eb00f","receiveAsset":1000000000000000000,"receiveChainId":1,"networkBlockHeight":10,"proposeType":1,"senderAddress":"C91E9D46DD4B7584F0B6348EE18277C10FD7CB94","inputData":null,"stakeYeed":100000000000000000000,"blockHeight":1000000,"fee":10000000000000000}
12:38:17.002 [Test worker] DEBUG io.yggdrash.contract.yeed.YeedContract - Propose Id Key : pi-579d544445c98698c4e77539aeac5fb24ed242b89de8463b9705122b28fe2aca 
12:38:17.002 [Test worker] DEBUG io.yggdrash.contract.yeed.YeedContract - ProposeId : 579d544445c98698c4e77539aeac5fb24ed242b89de8463b9705122b28fe2aca (ProposeKey=pis-579d544445c98698c4e77539aeac5fb24ed242b89de8463b9705122b28fe2aca) is ISSUED
12:38:17.003 [Test worker] DEBUG io.yggdrash.contract.yeed.InterChainProcessTest - Transfer 100010000000000000000 from cee3d4755e47055b530deeba062c5bd0c17eb00f to 579d544445c98698c4e77539aeac5fb24ed242b89de8463b9705122b28fe2aca fee 0
12:38:17.003 [Test worker] DEBUG io.yggdrash.contract.yeed.InterChainProcessTest - Propose 579d544445c98698c4e77539aeac5fb24ed242b89de8463b9705122b28fe2aca ISSUED
12:38:17.004 [Test worker] DEBUG io.yggdrash.contract.yeed.YeedContract - Address of Frontier : c91e9d46dd4b7584f0b6348ee18277c10fd7cb94Balance of Frontier : 1000000000000000000000000000
12:38:17.004 [Test worker] DEBUG io.yggdrash.contract.yeed.YeedContract - Address of Frontier : 1a0cdead3d1d1dbeef848fef9053b4f0ae06db9eBalance of Frontier : 1000000000000000000000000000
12:38:17.004 [Test worker] DEBUG io.yggdrash.contract.yeed.YeedContract - Address of Frontier : 5e032243d507c743b061ef021e2ec7fcc6d3ab89Balance of Frontier : 10000000000000000000
12:38:17.004 [Test worker] DEBUG io.yggdrash.contract.yeed.YeedContract - Address of Frontier : cee3d4755e47055b530deeba062c5bd0c17eb00fBalance of Frontier : 998000000000000000000000000000
12:38:17.005 [Test worker] DEBUG io.yggdrash.contract.yeed.YeedContract - Address of Frontier : c3cf7a283a4415ce3c41f5374934612389334780Balance of Frontier : 10000000000000000000000000000000000000000
12:38:17.005 [Test worker] DEBUG io.yggdrash.contract.yeed.YeedContract - Address of Frontier : 4d01e237570022440aa126ca0b63065d7f5fd589Balance of Frontier : 10000000000000000000000000000000000000000
12:38:17.005 [Test worker] DEBUG io.yggdrash.contract.yeed.YeedContract - Propose Id Key : pi-3d501aaef5eefc10550b12a341910cbfa16bfed94dbc9892fefb27a1e9ae902c 
12:38:17.005 [Test worker] DEBUG io.yggdrash.contract.yeed.YeedContract - ProposeId : 3d501aaef5eefc10550b12a341910cbfa16bfed94dbc9892fefb27a1e9ae902c (ProposeKey=pis-3d501aaef5eefc10550b12a341910cbfa16bfed94dbc9892fefb27a1e9ae902c) is ISSUED
12:38:17.006 [Test worker] DEBUG io.yggdrash.contract.yeed.InterChainProcessTest - Send Eth 6
12:38:17.014 [Test worker] DEBUG io.yggdrash.contract.yeed.YeedContract - Ratio : 10000
12:38:17.014 [Test worker] DEBUG io.yggdrash.contract.yeed.YeedContract - transferYeed : 61000000000000000000000
12:38:17.014 [Test worker] DEBUG io.yggdrash.contract.yeed.YeedContract - Confirm Id : b150d377a47a4962e1af8395655f88c16237522eea92f43a03dfd7c024328bee
12:38:17.015 [Test worker] DEBUG io.yggdrash.contract.yeed.YeedContract - ProposeId : 3d501aaef5eefc10550b12a341910cbfa16bfed94dbc9892fefb27a1e9ae902c (ProposeKey=pis-3d501aaef5eefc10550b12a341910cbfa16bfed94dbc9892fefb27a1e9ae902c) is PROCESSING
12:38:17.015 [Test worker] DEBUG io.yggdrash.contract.yeed.YeedContract - TxConfirm ProposeId :  3d501aaef5eefc10550b12a341910cbfa16bfed94dbc9892fefb27a1e9ae902c
12:38:17.015 [Test worker] DEBUG io.yggdrash.contract.yeed.YeedContract - TxConfirm Status : VALIDATE_REQUIRE
12:38:17.015 [Test worker] DEBUG io.yggdrash.contract.yeed.YeedContract - Propose require block height : 100000 
12:38:17.015 [Test worker] DEBUG io.yggdrash.contract.yeed.YeedContract - TxConfirm block height : 100010 
12:38:17.015 [Test worker] DEBUG io.yggdrash.contract.yeed.YeedContract - CheckBlockHeight : true
12:38:17.015 [Test worker] DEBUG io.yggdrash.contract.yeed.YeedContract - Stake YEED 100000000000000000000000000
12:38:17.015 [Test worker] DEBUG io.yggdrash.contract.yeed.YeedContract - TransferYeed YEED 61000000000000000000000
12:38:17.016 [Test worker] DEBUG io.yggdrash.contract.yeed.YeedContract - PI Fee 100000000000000000
12:38:17.016 [Test worker] DEBUG io.yggdrash.contract.yeed.InterChainProcessTest - Remain YEED : 99939000100000000000000000
12:38:17.016 [Test worker] DEBUG io.yggdrash.contract.yeed.InterChainProcessTest - Send Eth 49
12:38:17.024 [Test worker] DEBUG io.yggdrash.contract.yeed.YeedContract - Ratio : 10000
12:38:17.025 [Test worker] DEBUG io.yggdrash.contract.yeed.YeedContract - transferYeed : 491000000000000000000000
12:38:17.025 [Test worker] DEBUG io.yggdrash.contract.yeed.YeedContract - Confirm Id : 6ccd506de6a03a513bb3e46d58692ee2df602f816ddafab0e19ef9a4e97bcf9c
12:38:17.025 [Test worker] DEBUG io.yggdrash.contract.yeed.YeedContract - ProposeId : 3d501aaef5eefc10550b12a341910cbfa16bfed94dbc9892fefb27a1e9ae902c (ProposeKey=pis-3d501aaef5eefc10550b12a341910cbfa16bfed94dbc9892fefb27a1e9ae902c) is PROCESSING
12:38:17.025 [Test worker] DEBUG io.yggdrash.contract.yeed.YeedContract - TxConfirm ProposeId :  3d501aaef5eefc10550b12a341910cbfa16bfed94dbc9892fefb27a1e9ae902c
12:38:17.025 [Test worker] DEBUG io.yggdrash.contract.yeed.YeedContract - TxConfirm Status : VALIDATE_REQUIRE
12:38:17.026 [Test worker] DEBUG io.yggdrash.contract.yeed.YeedContract - Propose require block height : 100000 
12:38:17.026 [Test worker] DEBUG io.yggdrash.contract.yeed.YeedContract - TxConfirm block height : 100010 
12:38:17.026 [Test worker] DEBUG io.yggdrash.contract.yeed.YeedContract - CheckBlockHeight : true
12:38:17.026 [Test worker] DEBUG io.yggdrash.contract.yeed.YeedContract - Stake YEED 99939000000000000000000000
12:38:17.026 [Test worker] DEBUG io.yggdrash.contract.yeed.YeedContract - TransferYeed YEED 491000000000000000000000
12:38:17.026 [Test worker] DEBUG io.yggdrash.contract.yeed.YeedContract - PI Fee 100000000000000000
12:38:17.026 [Test worker] DEBUG io.yggdrash.contract.yeed.InterChainProcessTest - Remain YEED : 99448000100000000000000000
12:38:17.026 [Test worker] DEBUG io.yggdrash.contract.yeed.InterChainProcessTest - Send Eth 64
12:38:17.033 [Test worker] DEBUG io.yggdrash.contract.yeed.YeedContract - Ratio : 10000
12:38:17.033 [Test worker] DEBUG io.yggdrash.contract.yeed.YeedContract - transferYeed : 642000000000000000000000
12:38:17.034 [Test worker] DEBUG io.yggdrash.contract.yeed.YeedContract - Confirm Id : 0193435c0ca7946ad2b0ae9d81321cb739028bf3d8d270ec7718e2eda45b310b
12:38:17.034 [Test worker] DEBUG io.yggdrash.contract.yeed.YeedContract - ProposeId : 3d501aaef5eefc10550b12a341910cbfa16bfed94dbc9892fefb27a1e9ae902c (ProposeKey=pis-3d501aaef5eefc10550b12a341910cbfa16bfed94dbc9892fefb27a1e9ae902c) is PROCESSING
12:38:17.035 [Test worker] DEBUG io.yggdrash.contract.yeed.YeedContract - TxConfirm ProposeId :  3d501aaef5eefc10550b12a341910cbfa16bfed94dbc9892fefb27a1e9ae902c
12:38:17.035 [Test worker] DEBUG io.yggdrash.contract.yeed.YeedContract - TxConfirm Status : VALIDATE_REQUIRE
12:38:17.035 [Test worker] DEBUG io.yggdrash.contract.yeed.YeedContract - Propose require block height : 100000 
12:38:17.035 [Test worker] DEBUG io.yggdrash.contract.yeed.YeedContract - TxConfirm block height : 100010 
12:38:17.035 [Test worker] DEBUG io.yggdrash.contract.yeed.YeedContract - CheckBlockHeight : true
12:38:17.035 [Test worker] DEBUG io.yggdrash.contract.yeed.YeedContract - Stake YEED 99448000000000000000000000
12:38:17.035 [Test worker] DEBUG io.yggdrash.contract.yeed.YeedContract - TransferYeed YEED 642000000000000000000000
12:38:17.035 [Test worker] DEBUG io.yggdrash.contract.yeed.YeedContract - PI Fee 100000000000000000
12:38:17.036 [Test worker] DEBUG io.yggdrash.contract.yeed.InterChainProcessTest - Remain YEED : 98806000100000000000000000
12:38:17.036 [Test worker] DEBUG io.yggdrash.contract.yeed.InterChainProcessTest - Send Eth 56
12:38:17.043 [Test worker] DEBUG io.yggdrash.contract.yeed.YeedContract - Ratio : 10000
12:38:17.043 [Test worker] DEBUG io.yggdrash.contract.yeed.YeedContract - transferYeed : 564000000000000000000000
12:38:17.043 [Test worker] DEBUG io.yggdrash.contract.yeed.YeedContract - Confirm Id : af7abc95041fe7c2e4b1b5700f8e20a90e3f8d89339400f58438344d955816d5
12:38:17.043 [Test worker] DEBUG io.yggdrash.contract.yeed.YeedContract - ProposeId : 3d501aaef5eefc10550b12a341910cbfa16bfed94dbc9892fefb27a1e9ae902c (ProposeKey=pis-3d501aaef5eefc10550b12a341910cbfa16bfed94dbc9892fefb27a1e9ae902c) is PROCESSING
12:38:17.043 [Test worker] DEBUG io.yggdrash.contract.yeed.YeedContract - TxConfirm ProposeId :  3d501aaef5eefc10550b12a341910cbfa16bfed94dbc9892fefb27a1e9ae902c
12:38:17.043 [Test worker] DEBUG io.yggdrash.contract.yeed.YeedContract - TxConfirm Status : VALIDATE_REQUIRE
12:38:17.044 [Test worker] DEBUG io.yggdrash.contract.yeed.YeedContract - Propose require block height : 100000 
12:38:17.044 [Test worker] DEBUG io.yggdrash.contract.yeed.YeedContract - TxConfirm block height : 100010 
12:38:17.044 [Test worker] DEBUG io.yggdrash.contract.yeed.YeedContract - CheckBlockHeight : true
12:38:17.044 [Test worker] DEBUG io.yggdrash.contract.yeed.YeedContract - Stake YEED 98806000000000000000000000
12:38:17.044 [Test worker] DEBUG io.yggdrash.contract.yeed.YeedContract - TransferYeed YEED 564000000000000000000000
12:38:17.044 [Test worker] DEBUG io.yggdrash.contract.yeed.YeedContract - PI Fee 100000000000000000
12:38:17.044 [Test worker] DEBUG io.yggdrash.contract.yeed.InterChainProcessTest - Remain YEED : 98242000100000000000000000
12:38:17.044 [Test worker] DEBUG io.yggdrash.contract.yeed.InterChainProcessTest - Send Eth 55
12:38:17.051 [Test worker] DEBUG io.yggdrash.contract.yeed.YeedContract - Ratio : 10000
12:38:17.051 [Test worker] DEBUG io.yggdrash.contract.yeed.YeedContract - transferYeed : 558000000000000000000000
12:38:17.051 [Test worker] DEBUG io.yggdrash.contract.yeed.YeedContract - Confirm Id : eed1a7ad86b33239c74232aaff14e13511b1a4dbf33fc7f167bf017a344ffc68
12:38:17.051 [Test worker] DEBUG io.yggdrash.contract.yeed.YeedContract - ProposeId : 3d501aaef5eefc10550b12a341910cbfa16bfed94dbc9892fefb27a1e9ae902c (ProposeKey=pis-3d501aaef5eefc10550b12a341910cbfa16bfed94dbc9892fefb27a1e9ae902c) is PROCESSING
12:38:17.051 [Test worker] DEBUG io.yggdrash.contract.yeed.YeedContract - TxConfirm ProposeId :  3d501aaef5eefc10550b12a341910cbfa16bfed94dbc9892fefb27a1e9ae902c
12:38:17.052 [Test worker] DEBUG io.yggdrash.contract.yeed.YeedContract - TxConfirm Status : VALIDATE_REQUIRE
12:38:17.052 [Test worker] DEBUG io.yggdrash.contract.yeed.YeedContract - Propose require block height : 100000 
12:38:17.052 [Test worker] DEBUG io.yggdrash.contract.yeed.YeedContract - TxConfirm block height : 100010 
12:38:17.052 [Test worker] DEBUG io.yggdrash.contract.yeed.YeedContract - CheckBlockHeight : true
12:38:17.052 [Test worker] DEBUG io.yggdrash.contract.yeed.YeedContract - Stake YEED 98242000000000000000000000
12:38:17.052 [Test worker] DEBUG io.yggdrash.contract.yeed.YeedContract - TransferYeed YEED 558000000000000000000000
12:38:17.052 [Test worker] DEBUG io.yggdrash.contract.yeed.YeedContract - PI Fee 100000000000000000
12:38:17.053 [Test worker] DEBUG io.yggdrash.contract.yeed.InterChainProcessTest - Remain YEED : 97684000100000000000000000
12:38:17.053 [Test worker] DEBUG io.yggdrash.contract.yeed.InterChainProcessTest - Send Eth 80
12:38:17.059 [Test worker] DEBUG io.yggdrash.contract.yeed.YeedContract - Ratio : 10000
12:38:17.059 [Test worker] DEBUG io.yggdrash.contract.yeed.YeedContract - transferYeed : 802000000000000000000000
12:38:17.059 [Test worker] DEBUG io.yggdrash.contract.yeed.YeedContract - Confirm Id : 794530bcfa9f47d2b0e84592d2992dc6552ca8b23119661d0057eae1f2040351
12:38:17.059 [Test worker] DEBUG io.yggdrash.contract.yeed.YeedContract - ProposeId : 3d501aaef5eefc10550b12a341910cbfa16bfed94dbc9892fefb27a1e9ae902c (ProposeKey=pis-3d501aaef5eefc10550b12a341910cbfa16bfed94dbc9892fefb27a1e9ae902c) is PROCESSING
12:38:17.059 [Test worker] DEBUG io.yggdrash.contract.yeed.YeedContract - TxConfirm ProposeId :  3d501aaef5eefc10550b12a341910cbfa16bfed94dbc9892fefb27a1e9ae902c
12:38:17.060 [Test worker] DEBUG io.yggdrash.contract.yeed.YeedContract - TxConfirm Status : VALIDATE_REQUIRE
12:38:17.060 [Test worker] DEBUG io.yggdrash.contract.yeed.YeedContract - Propose require block height : 100000 
12:38:17.060 [Test worker] DEBUG io.yggdrash.contract.yeed.YeedContract - TxConfirm block height : 100010 
12:38:17.060 [Test worker] DEBUG io.yggdrash.contract.yeed.YeedContract - CheckBlockHeight : true
12:38:17.060 [Test worker] DEBUG io.yggdrash.contract.yeed.YeedContract - Stake YEED 97684000000000000000000000
12:38:17.060 [Test worker] DEBUG io.yggdrash.contract.yeed.YeedContract - TransferYeed YEED 802000000000000000000000
12:38:17.060 [Test worker] DEBUG io.yggdrash.contract.yeed.YeedContract - PI Fee 100000000000000000
12:38:17.061 [Test worker] DEBUG io.yggdrash.contract.yeed.InterChainProcessTest - Remain YEED : 96882000100000000000000000
12:38:17.061 [Test worker] DEBUG io.yggdrash.contract.yeed.InterChainProcessTest - Send Eth 30
12:38:17.069 [Test worker] DEBUG io.yggdrash.contract.yeed.YeedContract - Ratio : 10000
12:38:17.069 [Test worker] DEBUG io.yggdrash.contract.yeed.YeedContract - transferYeed : 305000000000000000000000
12:38:17.069 [Test worker] DEBUG io.yggdrash.contract.yeed.YeedContract - Confirm Id : cc7b47a90601aacc558e12dd119e026694d763c0d3192ca3b8888fb4fc6750d1
12:38:17.069 [Test worker] DEBUG io.yggdrash.contract.yeed.YeedContract - ProposeId : 3d501aaef5eefc10550b12a341910cbfa16bfed94dbc9892fefb27a1e9ae902c (ProposeKey=pis-3d501aaef5eefc10550b12a341910cbfa16bfed94dbc9892fefb27a1e9ae902c) is PROCESSING
12:38:17.069 [Test worker] DEBUG io.yggdrash.contract.yeed.YeedContract - TxConfirm ProposeId :  3d501aaef5eefc10550b12a341910cbfa16bfed94dbc9892fefb27a1e9ae902c
12:38:17.069 [Test worker] DEBUG io.yggdrash.contract.yeed.YeedContract - TxConfirm Status : VALIDATE_REQUIRE
12:38:17.070 [Test worker] DEBUG io.yggdrash.contract.yeed.YeedContract - Propose require block height : 100000 
12:38:17.070 [Test worker] DEBUG io.yggdrash.contract.yeed.YeedContract - TxConfirm block height : 100010 
12:38:17.070 [Test worker] DEBUG io.yggdrash.contract.yeed.YeedContract - CheckBlockHeight : true
12:38:17.070 [Test worker] DEBUG io.yggdrash.contract.yeed.YeedContract - Stake YEED 96882000000000000000000000
12:38:17.070 [Test worker] DEBUG io.yggdrash.contract.yeed.YeedContract - TransferYeed YEED 305000000000000000000000
12:38:17.070 [Test worker] DEBUG io.yggdrash.contract.yeed.YeedContract - PI Fee 100000000000000000
12:38:17.070 [Test worker] DEBUG io.yggdrash.contract.yeed.InterChainProcessTest - Remain YEED : 96577000100000000000000000
12:38:17.070 [Test worker] DEBUG io.yggdrash.contract.yeed.InterChainProcessTest - Send Eth 11
12:38:17.078 [Test worker] DEBUG io.yggdrash.contract.yeed.YeedContract - Ratio : 10000
12:38:17.078 [Test worker] DEBUG io.yggdrash.contract.yeed.YeedContract - transferYeed : 112000000000000000000000
12:38:17.078 [Test worker] DEBUG io.yggdrash.contract.yeed.YeedContract - Confirm Id : 8118a343b98c0b9ff24a723c5fa25980da27c28ac535544e0063e72d2bb99605
12:38:17.078 [Test worker] DEBUG io.yggdrash.contract.yeed.YeedContract - ProposeId : 3d501aaef5eefc10550b12a341910cbfa16bfed94dbc9892fefb27a1e9ae902c (ProposeKey=pis-3d501aaef5eefc10550b12a341910cbfa16bfed94dbc9892fefb27a1e9ae902c) is PROCESSING
12:38:17.078 [Test worker] DEBUG io.yggdrash.contract.yeed.YeedContract - TxConfirm ProposeId :  3d501aaef5eefc10550b12a341910cbfa16bfed94dbc9892fefb27a1e9ae902c
12:38:17.078 [Test worker] DEBUG io.yggdrash.contract.yeed.YeedContract - TxConfirm Status : VALIDATE_REQUIRE
12:38:17.079 [Test worker] DEBUG io.yggdrash.contract.yeed.YeedContract - Propose require block height : 100000 
12:38:17.079 [Test worker] DEBUG io.yggdrash.contract.yeed.YeedContract - TxConfirm block height : 100010 
12:38:17.079 [Test worker] DEBUG io.yggdrash.contract.yeed.YeedContract - CheckBlockHeight : true
12:38:17.079 [Test worker] DEBUG io.yggdrash.contract.yeed.YeedContract - Stake YEED 96577000000000000000000000
12:38:17.079 [Test worker] DEBUG io.yggdrash.contract.yeed.YeedContract - TransferYeed YEED 112000000000000000000000
12:38:17.079 [Test worker] DEBUG io.yggdrash.contract.yeed.YeedContract - PI Fee 100000000000000000
12:38:17.079 [Test worker] DEBUG io.yggdrash.contract.yeed.InterChainProcessTest - Remain YEED : 96465000100000000000000000
12:38:17.079 [Test worker] DEBUG io.yggdrash.contract.yeed.InterChainProcessTest - Send Eth 70
12:38:17.092 [Test worker] DEBUG io.yggdrash.contract.yeed.YeedContract - Ratio : 10000
12:38:17.092 [Test worker] DEBUG io.yggdrash.contract.yeed.YeedContract - transferYeed : 703000000000000000000000
12:38:17.092 [Test worker] DEBUG io.yggdrash.contract.yeed.YeedContract - Confirm Id : da5c8e55f1100027d3c7fb1c49d4ed9fc361b3adac1ebdaa1a9ce1e65a453963
12:38:17.092 [Test worker] DEBUG io.yggdrash.contract.yeed.YeedContract - ProposeId : 3d501aaef5eefc10550b12a341910cbfa16bfed94dbc9892fefb27a1e9ae902c (ProposeKey=pis-3d501aaef5eefc10550b12a341910cbfa16bfed94dbc9892fefb27a1e9ae902c) is PROCESSING
12:38:17.092 [Test worker] DEBUG io.yggdrash.contract.yeed.YeedContract - TxConfirm ProposeId :  3d501aaef5eefc10550b12a341910cbfa16bfed94dbc9892fefb27a1e9ae902c
12:38:17.093 [Test worker] DEBUG io.yggdrash.contract.yeed.YeedContract - TxConfirm Status : VALIDATE_REQUIRE
12:38:17.093 [Test worker] DEBUG io.yggdrash.contract.yeed.YeedContract - Propose require block height : 100000 
12:38:17.093 [Test worker] DEBUG io.yggdrash.contract.yeed.YeedContract - TxConfirm block height : 100010 
12:38:17.093 [Test worker] DEBUG io.yggdrash.contract.yeed.YeedContract - CheckBlockHeight : true
12:38:17.093 [Test worker] DEBUG io.yggdrash.contract.yeed.YeedContract - Stake YEED 96465000000000000000000000
12:38:17.093 [Test worker] DEBUG io.yggdrash.contract.yeed.YeedContract - TransferYeed YEED 703000000000000000000000
12:38:17.093 [Test worker] DEBUG io.yggdrash.contract.yeed.YeedContract - PI Fee 100000000000000000
12:38:17.093 [Test worker] DEBUG io.yggdrash.contract.yeed.InterChainProcessTest - Remain YEED : 95762000100000000000000000
12:38:17.093 [Test worker] DEBUG io.yggdrash.contract.yeed.InterChainProcessTest - Send Eth 70
12:38:17.099 [Test worker] DEBUG io.yggdrash.contract.yeed.YeedContract - Ratio : 10000
12:38:17.099 [Test worker] DEBUG io.yggdrash.contract.yeed.YeedContract - transferYeed : 704000000000000000000000
12:38:17.100 [Test worker] DEBUG io.yggdrash.contract.yeed.YeedContract - Confirm Id : 34273378e0104c534b34431ad154ed5ee4a4febee389c246fcb8783745bec3e4
12:38:17.100 [Test worker] DEBUG io.yggdrash.contract.yeed.YeedContract - ProposeId : 3d501aaef5eefc10550b12a341910cbfa16bfed94dbc9892fefb27a1e9ae902c (ProposeKey=pis-3d501aaef5eefc10550b12a341910cbfa16bfed94dbc9892fefb27a1e9ae902c) is PROCESSING
12:38:17.100 [Test worker] DEBUG io.yggdrash.contract.yeed.YeedContract - TxConfirm ProposeId :  3d501aaef5eefc10550b12a341910cbfa16bfed94dbc9892fefb27a1e9ae902c
12:38:17.100 [Test worker] DEBUG io.yggdrash.contract.yeed.YeedContract - TxConfirm Status : VALIDATE_REQUIRE
12:38:17.100 [Test worker] DEBUG io.yggdrash.contract.yeed.YeedContract - Propose require block height : 100000 
12:38:17.100 [Test worker] DEBUG io.yggdrash.contract.yeed.YeedContract - TxConfirm block height : 100010 
12:38:17.100 [Test worker] DEBUG io.yggdrash.contract.yeed.YeedContract - CheckBlockHeight : true
12:38:17.101 [Test worker] DEBUG io.yggdrash.contract.yeed.YeedContract - Stake YEED 95762000000000000000000000
12:38:17.101 [Test worker] DEBUG io.yggdrash.contract.yeed.YeedContract - TransferYeed YEED 704000000000000000000000
12:38:17.101 [Test worker] DEBUG io.yggdrash.contract.yeed.YeedContract - PI Fee 100000000000000000
12:38:17.101 [Test worker] DEBUG io.yggdrash.contract.yeed.InterChainProcessTest - Remain YEED : 95058000100000000000000000
12:38:17.101 [Test worker] DEBUG io.yggdrash.contract.yeed.InterChainProcessTest - Send Eth 45
12:38:17.106 [Test worker] DEBUG io.yggdrash.contract.yeed.YeedContract - Ratio : 10000
12:38:17.107 [Test worker] DEBUG io.yggdrash.contract.yeed.YeedContract - transferYeed : 455000000000000000000000
12:38:17.107 [Test worker] DEBUG io.yggdrash.contract.yeed.YeedContract - Confirm Id : a63dd31a97e66211efbba28be7308eb2183463dbd8e60c5b4d73233940332826
12:38:17.107 [Test worker] DEBUG io.yggdrash.contract.yeed.YeedContract - ProposeId : 3d501aaef5eefc10550b12a341910cbfa16bfed94dbc9892fefb27a1e9ae902c (ProposeKey=pis-3d501aaef5eefc10550b12a341910cbfa16bfed94dbc9892fefb27a1e9ae902c) is PROCESSING
12:38:17.107 [Test worker] DEBUG io.yggdrash.contract.yeed.YeedContract - TxConfirm ProposeId :  3d501aaef5eefc10550b12a341910cbfa16bfed94dbc9892fefb27a1e9ae902c
12:38:17.107 [Test worker] DEBUG io.yggdrash.contract.yeed.YeedContract - TxConfirm Status : VALIDATE_REQUIRE
12:38:17.107 [Test worker] DEBUG io.yggdrash.contract.yeed.YeedContract - Propose require block height : 100000 
12:38:17.107 [Test worker] DEBUG io.yggdrash.contract.yeed.YeedContract - TxConfirm block height : 100010 
12:38:17.107 [Test worker] DEBUG io.yggdrash.contract.yeed.YeedContract - CheckBlockHeight : true
12:38:17.107 [Test worker] DEBUG io.yggdrash.contract.yeed.YeedContract - Stake YEED 95058000000000000000000000
12:38:17.108 [Test worker] DEBUG io.yggdrash.contract.yeed.YeedContract - TransferYeed YEED 455000000000000000000000
12:38:17.108 [Test worker] DEBUG io.yggdrash.contract.yeed.YeedContract - PI Fee 100000000000000000
12:38:17.108 [Test worker] DEBUG io.yggdrash.contract.yeed.InterChainProcessTest - Remain YEED : 94603000100000000000000000
12:38:17.108 [Test worker] DEBUG io.yggdrash.contract.yeed.InterChainProcessTest - Send Eth 25
12:38:17.115 [Test worker] DEBUG io.yggdrash.contract.yeed.YeedContract - Ratio : 10000
12:38:17.115 [Test worker] DEBUG io.yggdrash.contract.yeed.YeedContract - transferYeed : 256000000000000000000000
12:38:17.115 [Test worker] DEBUG io.yggdrash.contract.yeed.YeedContract - Confirm Id : c2f7d3a1ae4944a769a0feade1417d5eda5c983d724ad83a58d7ab6ff48face5
12:38:17.115 [Test worker] DEBUG io.yggdrash.contract.yeed.YeedContract - ProposeId : 3d501aaef5eefc10550b12a341910cbfa16bfed94dbc9892fefb27a1e9ae902c (ProposeKey=pis-3d501aaef5eefc10550b12a341910cbfa16bfed94dbc9892fefb27a1e9ae902c) is PROCESSING
12:38:17.116 [Test worker] DEBUG io.yggdrash.contract.yeed.YeedContract - TxConfirm ProposeId :  3d501aaef5eefc10550b12a341910cbfa16bfed94dbc9892fefb27a1e9ae902c
12:38:17.116 [Test worker] DEBUG io.yggdrash.contract.yeed.YeedContract - TxConfirm Status : VALIDATE_REQUIRE
12:38:17.116 [Test worker] DEBUG io.yggdrash.contract.yeed.YeedContract - Propose require block height : 100000 
12:38:17.116 [Test worker] DEBUG io.yggdrash.contract.yeed.YeedContract - TxConfirm block height : 100010 
12:38:17.116 [Test worker] DEBUG io.yggdrash.contract.yeed.YeedContract - CheckBlockHeight : true
12:38:17.116 [Test worker] DEBUG io.yggdrash.contract.yeed.YeedContract - Stake YEED 94603000000000000000000000
12:38:17.116 [Test worker] DEBUG io.yggdrash.contract.yeed.YeedContract - TransferYeed YEED 256000000000000000000000
12:38:17.116 [Test worker] DEBUG io.yggdrash.contract.yeed.YeedContract - PI Fee 100000000000000000
12:38:17.116 [Test worker] DEBUG io.yggdrash.contract.yeed.InterChainProcessTest - Remain YEED : 94347000100000000000000000
12:38:17.116 [Test worker] DEBUG io.yggdrash.contract.yeed.InterChainProcessTest - Send Eth 55
12:38:17.122 [Test worker] DEBUG io.yggdrash.contract.yeed.YeedContract - Ratio : 10000
12:38:17.122 [Test worker] DEBUG io.yggdrash.contract.yeed.YeedContract - transferYeed : 555000000000000000000000
12:38:17.122 [Test worker] DEBUG io.yggdrash.contract.yeed.YeedContract - Confirm Id : 034858d8379cf640d4f581eb22723541804b6332891d7e5b471a2037d98a4a76
12:38:17.122 [Test worker] DEBUG io.yggdrash.contract.yeed.YeedContract - ProposeId : 3d501aaef5eefc10550b12a341910cbfa16bfed94dbc9892fefb27a1e9ae902c (ProposeKey=pis-3d501aaef5eefc10550b12a341910cbfa16bfed94dbc9892fefb27a1e9ae902c) is PROCESSING
12:38:17.123 [Test worker] DEBUG io.yggdrash.contract.yeed.YeedContract - TxConfirm ProposeId :  3d501aaef5eefc10550b12a341910cbfa16bfed94dbc9892fefb27a1e9ae902c
12:38:17.123 [Test worker] DEBUG io.yggdrash.contract.yeed.YeedContract - TxConfirm Status : VALIDATE_REQUIRE
12:38:17.123 [Test worker] DEBUG io.yggdrash.contract.yeed.YeedContract - Propose require block height : 100000 
12:38:17.123 [Test worker] DEBUG io.yggdrash.contract.yeed.YeedContract - TxConfirm block height : 100010 
12:38:17.123 [Test worker] DEBUG io.yggdrash.contract.yeed.YeedContract - CheckBlockHeight : true
12:38:17.123 [Test worker] DEBUG io.yggdrash.contract.yeed.YeedContract - Stake YEED 94347000000000000000000000
12:38:17.123 [Test worker] DEBUG io.yggdrash.contract.yeed.YeedContract - TransferYeed YEED 555000000000000000000000
12:38:17.123 [Test worker] DEBUG io.yggdrash.contract.yeed.YeedContract - PI Fee 100000000000000000
12:38:17.123 [Test worker] DEBUG io.yggdrash.contract.yeed.InterChainProcessTest - Remain YEED : 93792000100000000000000000
12:38:17.123 [Test worker] DEBUG io.yggdrash.contract.yeed.InterChainProcessTest - Send Eth 13
12:38:17.129 [Test worker] DEBUG io.yggdrash.contract.yeed.YeedContract - Ratio : 10000
12:38:17.129 [Test worker] DEBUG io.yggdrash.contract.yeed.YeedContract - transferYeed : 130000000000000000000000
12:38:17.129 [Test worker] DEBUG io.yggdrash.contract.yeed.YeedContract - Confirm Id : bfe3856d30f57ac48f8596369ad279cdac380ffaf08d7b12b69c488dc18a364d
12:38:17.129 [Test worker] DEBUG io.yggdrash.contract.yeed.YeedContract - ProposeId : 3d501aaef5eefc10550b12a341910cbfa16bfed94dbc9892fefb27a1e9ae902c (ProposeKey=pis-3d501aaef5eefc10550b12a341910cbfa16bfed94dbc9892fefb27a1e9ae902c) is PROCESSING
12:38:17.130 [Test worker] DEBUG io.yggdrash.contract.yeed.YeedContract - TxConfirm ProposeId :  3d501aaef5eefc10550b12a341910cbfa16bfed94dbc9892fefb27a1e9ae902c
12:38:17.130 [Test worker] DEBUG io.yggdrash.contract.yeed.YeedContract - TxConfirm Status : VALIDATE_REQUIRE
12:38:17.130 [Test worker] DEBUG io.yggdrash.contract.yeed.YeedContract - Propose require block height : 100000 
12:38:17.130 [Test worker] DEBUG io.yggdrash.contract.yeed.YeedContract - TxConfirm block height : 100010 
12:38:17.130 [Test worker] DEBUG io.yggdrash.contract.yeed.YeedContract - CheckBlockHeight : true
12:38:17.130 [Test worker] DEBUG io.yggdrash.contract.yeed.YeedContract - Stake YEED 93792000000000000000000000
12:38:17.130 [Test worker] DEBUG io.yggdrash.contract.yeed.YeedContract - TransferYeed YEED 130000000000000000000000
12:38:17.130 [Test worker] DEBUG io.yggdrash.contract.yeed.YeedContract - PI Fee 100000000000000000
12:38:17.130 [Test worker] DEBUG io.yggdrash.contract.yeed.InterChainProcessTest - Remain YEED : 93662000100000000000000000
12:38:17.130 [Test worker] DEBUG io.yggdrash.contract.yeed.InterChainProcessTest - Send Eth 35
12:38:17.137 [Test worker] DEBUG io.yggdrash.contract.yeed.YeedContract - Ratio : 10000
12:38:17.137 [Test worker] DEBUG io.yggdrash.contract.yeed.YeedContract - transferYeed : 352000000000000000000000
12:38:17.137 [Test worker] DEBUG io.yggdrash.contract.yeed.YeedContract - Confirm Id : d8791cda29735630496d8817a03ce7bc0b0828619d0cf44aa7f6bd5a02e68093
12:38:17.138 [Test worker] DEBUG io.yggdrash.contract.yeed.YeedContract - ProposeId : 3d501aaef5eefc10550b12a341910cbfa16bfed94dbc9892fefb27a1e9ae902c (ProposeKey=pis-3d501aaef5eefc10550b12a341910cbfa16bfed94dbc9892fefb27a1e9ae902c) is PROCESSING
12:38:17.138 [Test worker] DEBUG io.yggdrash.contract.yeed.YeedContract - TxConfirm ProposeId :  3d501aaef5eefc10550b12a341910cbfa16bfed94dbc9892fefb27a1e9ae902c
12:38:17.138 [Test worker] DEBUG io.yggdrash.contract.yeed.YeedContract - TxConfirm Status : VALIDATE_REQUIRE
12:38:17.138 [Test worker] DEBUG io.yggdrash.contract.yeed.YeedContract - Propose require block height : 100000 
12:38:17.138 [Test worker] DEBUG io.yggdrash.contract.yeed.YeedContract - TxConfirm block height : 100010 
12:38:17.138 [Test worker] DEBUG io.yggdrash.contract.yeed.YeedContract - CheckBlockHeight : true
12:38:17.138 [Test worker] DEBUG io.yggdrash.contract.yeed.YeedContract - Stake YEED 93662000000000000000000000
12:38:17.138 [Test worker] DEBUG io.yggdrash.contract.yeed.YeedContract - TransferYeed YEED 352000000000000000000000
12:38:17.138 [Test worker] DEBUG io.yggdrash.contract.yeed.YeedContract - PI Fee 100000000000000000
12:38:17.139 [Test worker] DEBUG io.yggdrash.contract.yeed.InterChainProcessTest - Remain YEED : 93310000100000000000000000
12:38:17.139 [Test worker] DEBUG io.yggdrash.contract.yeed.InterChainProcessTest - Send Eth 6
12:38:17.144 [Test worker] DEBUG io.yggdrash.contract.yeed.YeedContract - Ratio : 10000
12:38:17.144 [Test worker] DEBUG io.yggdrash.contract.yeed.YeedContract - transferYeed : 64000000000000000000000
12:38:17.144 [Test worker] DEBUG io.yggdrash.contract.yeed.YeedContract - Confirm Id : f13678a03cf51bf9eee293f9c24928603dde76676c2f6a3331c2631189acfd40
12:38:17.144 [Test worker] DEBUG io.yggdrash.contract.yeed.YeedContract - ProposeId : 3d501aaef5eefc10550b12a341910cbfa16bfed94dbc9892fefb27a1e9ae902c (ProposeKey=pis-3d501aaef5eefc10550b12a341910cbfa16bfed94dbc9892fefb27a1e9ae902c) is PROCESSING
12:38:17.145 [Test worker] DEBUG io.yggdrash.contract.yeed.YeedContract - TxConfirm ProposeId :  3d501aaef5eefc10550b12a341910cbfa16bfed94dbc9892fefb27a1e9ae902c
12:38:17.145 [Test worker] DEBUG io.yggdrash.contract.yeed.YeedContract - TxConfirm Status : VALIDATE_REQUIRE
12:38:17.145 [Test worker] DEBUG io.yggdrash.contract.yeed.YeedContract - Propose require block height : 100000 
12:38:17.145 [Test worker] DEBUG io.yggdrash.contract.yeed.YeedContract - TxConfirm block height : 100010 
12:38:17.145 [Test worker] DEBUG io.yggdrash.contract.yeed.YeedContract - CheckBlockHeight : true
12:38:17.145 [Test worker] DEBUG io.yggdrash.contract.yeed.YeedContract - Stake YEED 93310000000000000000000000
12:38:17.145 [Test worker] DEBUG io.yggdrash.contract.yeed.YeedContract - TransferYeed YEED 64000000000000000000000
12:38:17.145 [Test worker] DEBUG io.yggdrash.contract.yeed.YeedContract - PI Fee 100000000000000000
12:38:17.145 [Test worker] DEBUG io.yggdrash.contract.yeed.InterChainProcessTest - Remain YEED : 93246000100000000000000000
12:38:17.145 [Test worker] DEBUG io.yggdrash.contract.yeed.InterChainProcessTest - Send Eth 44
12:38:17.151 [Test worker] DEBUG io.yggdrash.contract.yeed.YeedContract - Ratio : 10000
12:38:17.151 [Test worker] DEBUG io.yggdrash.contract.yeed.YeedContract - transferYeed : 447000000000000000000000
12:38:17.151 [Test worker] DEBUG io.yggdrash.contract.yeed.YeedContract - Confirm Id : bfba922b2601bc0c23b505e911aae2c3b57bac0aadcbaf01f5439573bc5123ac
12:38:17.151 [Test worker] DEBUG io.yggdrash.contract.yeed.YeedContract - ProposeId : 3d501aaef5eefc10550b12a341910cbfa16bfed94dbc9892fefb27a1e9ae902c (ProposeKey=pis-3d501aaef5eefc10550b12a341910cbfa16bfed94dbc9892fefb27a1e9ae902c) is PROCESSING
[...]
12:38:18.278 [Test worker] DEBUG io.yggdrash.contract.yeed.YeedContract - TxConfirm ProposeId :  3d501aaef5eefc10550b12a341910cbfa16bfed94dbc9892fefb27a1e9ae902c
12:38:18.278 [Test worker] DEBUG io.yggdrash.contract.yeed.YeedContract - TxConfirm Status : VALIDATE_REQUIRE
12:38:18.278 [Test worker] DEBUG io.yggdrash.contract.yeed.YeedContract - Propose require block height : 100000 
12:38:18.278 [Test worker] DEBUG io.yggdrash.contract.yeed.YeedContract - TxConfirm block height : 100010 
12:38:18.278 [Test worker] DEBUG io.yggdrash.contract.yeed.YeedContract - CheckBlockHeight : true
12:38:18.278 [Test worker] DEBUG io.yggdrash.contract.yeed.YeedContract - Stake YEED 3105000000000000000000000
12:38:18.278 [Test worker] DEBUG io.yggdrash.contract.yeed.YeedContract - TransferYeed YEED 462000000000000000000000
12:38:18.278 [Test worker] DEBUG io.yggdrash.contract.yeed.YeedContract - PI Fee 100000000000000000
12:38:18.278 [Test worker] DEBUG io.yggdrash.contract.yeed.InterChainProcessTest - Remain YEED : 2643000100000000000000000
12:38:18.278 [Test worker] DEBUG io.yggdrash.contract.yeed.InterChainProcessTest - Send Eth 57
12:38:18.282 [Test worker] DEBUG io.yggdrash.contract.yeed.YeedContract - Ratio : 10000
12:38:18.282 [Test worker] DEBUG io.yggdrash.contract.yeed.YeedContract - transferYeed : 579000000000000000000000
12:38:18.282 [Test worker] DEBUG io.yggdrash.contract.yeed.YeedContract - Confirm Id : 0e50911a8e8e08adf8b2eb2d060c0611496f584050a17485e21b31cabeb4d6ed
12:38:18.282 [Test worker] DEBUG io.yggdrash.contract.yeed.YeedContract - ProposeId : 3d501aaef5eefc10550b12a341910cbfa16bfed94dbc9892fefb27a1e9ae902c (ProposeKey=pis-3d501aaef5eefc10550b12a341910cbfa16bfed94dbc9892fefb27a1e9ae902c) is PROCESSING
12:38:18.282 [Test worker] DEBUG io.yggdrash.contract.yeed.YeedContract - TxConfirm ProposeId :  3d501aaef5eefc10550b12a341910cbfa16bfed94dbc9892fefb27a1e9ae902c
12:38:18.282 [Test worker] DEBUG io.yggdrash.contract.yeed.YeedContract - TxConfirm Status : VALIDATE_REQUIRE
12:38:18.282 [Test worker] DEBUG io.yggdrash.contract.yeed.YeedContract - Propose require block height : 100000 
12:38:18.282 [Test worker] DEBUG io.yggdrash.contract.yeed.YeedContract - TxConfirm block height : 100010 
12:38:18.282 [Test worker] DEBUG io.yggdrash.contract.yeed.YeedContract - CheckBlockHeight : true
12:38:18.282 [Test worker] DEBUG io.yggdrash.contract.yeed.YeedContract - Stake YEED 2643000000000000000000000
12:38:18.282 [Test worker] DEBUG io.yggdrash.contract.yeed.YeedContract - TransferYeed YEED 579000000000000000000000
12:38:18.282 [Test worker] DEBUG io.yggdrash.contract.yeed.YeedContract - PI Fee 100000000000000000
12:38:18.282 [Test worker] DEBUG io.yggdrash.contract.yeed.InterChainProcessTest - Remain YEED : 2064000100000000000000000
12:38:18.282 [Test worker] DEBUG io.yggdrash.contract.yeed.InterChainProcessTest - Send Eth 23
12:38:18.287 [Test worker] DEBUG io.yggdrash.contract.yeed.YeedContract - Ratio : 10000
12:38:18.287 [Test worker] DEBUG io.yggdrash.contract.yeed.YeedContract - transferYeed : 239000000000000000000000
12:38:18.287 [Test worker] DEBUG io.yggdrash.contract.yeed.YeedContract - Confirm Id : a0a1b15e79d2200efa79c8661de61ed5039b81c96119099f99cc4fbf86deb456
12:38:18.287 [Test worker] DEBUG io.yggdrash.contract.yeed.YeedContract - ProposeId : 3d501aaef5eefc10550b12a341910cbfa16bfed94dbc9892fefb27a1e9ae902c (ProposeKey=pis-3d501aaef5eefc10550b12a341910cbfa16bfed94dbc9892fefb27a1e9ae902c) is PROCESSING
12:38:18.288 [Test worker] DEBUG io.yggdrash.contract.yeed.YeedContract - TxConfirm ProposeId :  3d501aaef5eefc10550b12a341910cbfa16bfed94dbc9892fefb27a1e9ae902c
12:38:18.288 [Test worker] DEBUG io.yggdrash.contract.yeed.YeedContract - TxConfirm Status : VALIDATE_REQUIRE
12:38:18.288 [Test worker] DEBUG io.yggdrash.contract.yeed.YeedContract - Propose require block height : 100000 
12:38:18.288 [Test worker] DEBUG io.yggdrash.contract.yeed.YeedContract - TxConfirm block height : 100010 
12:38:18.288 [Test worker] DEBUG io.yggdrash.contract.yeed.YeedContract - CheckBlockHeight : true
12:38:18.288 [Test worker] DEBUG io.yggdrash.contract.yeed.YeedContract - Stake YEED 2064000000000000000000000
12:38:18.288 [Test worker] DEBUG io.yggdrash.contract.yeed.YeedContract - TransferYeed YEED 239000000000000000000000
12:38:18.288 [Test worker] DEBUG io.yggdrash.contract.yeed.YeedContract - PI Fee 100000000000000000
12:38:18.288 [Test worker] DEBUG io.yggdrash.contract.yeed.InterChainProcessTest - Remain YEED : 1825000100000000000000000
12:38:18.288 [Test worker] DEBUG io.yggdrash.contract.yeed.InterChainProcessTest - Send Eth 28
12:38:18.293 [Test worker] DEBUG io.yggdrash.contract.yeed.YeedContract - Ratio : 10000
12:38:18.293 [Test worker] DEBUG io.yggdrash.contract.yeed.YeedContract - transferYeed : 286000000000000000000000
12:38:18.293 [Test worker] DEBUG io.yggdrash.contract.yeed.YeedContract - Confirm Id : e15805c8cb86787d461df06b0ade84c1f38b419206b7222764242a8e8fedeea1
12:38:18.293 [Test worker] DEBUG io.yggdrash.contract.yeed.YeedContract - ProposeId : 3d501aaef5eefc10550b12a341910cbfa16bfed94dbc9892fefb27a1e9ae902c (ProposeKey=pis-3d501aaef5eefc10550b12a341910cbfa16bfed94dbc9892fefb27a1e9ae902c) is PROCESSING
12:38:18.294 [Test worker] DEBUG io.yggdrash.contract.yeed.YeedContract - TxConfirm ProposeId :  3d501aaef5eefc10550b12a341910cbfa16bfed94dbc9892fefb27a1e9ae902c
12:38:18.294 [Test worker] DEBUG io.yggdrash.contract.yeed.YeedContract - TxConfirm Status : VALIDATE_REQUIRE
12:38:18.294 [Test worker] DEBUG io.yggdrash.contract.yeed.YeedContract - Propose require block height : 100000 
12:38:18.294 [Test worker] DEBUG io.yggdrash.contract.yeed.YeedContract - TxConfirm block height : 100010 
12:38:18.294 [Test worker] DEBUG io.yggdrash.contract.yeed.YeedContract - CheckBlockHeight : true
12:38:18.294 [Test worker] DEBUG io.yggdrash.contract.yeed.YeedContract - Stake YEED 1825000000000000000000000
12:38:18.294 [Test worker] DEBUG io.yggdrash.contract.yeed.YeedContract - TransferYeed YEED 286000000000000000000000
12:38:18.294 [Test worker] DEBUG io.yggdrash.contract.yeed.YeedContract - PI Fee 100000000000000000
12:38:18.294 [Test worker] DEBUG io.yggdrash.contract.yeed.InterChainProcessTest - Remain YEED : 1539000100000000000000000
12:38:18.294 [Test worker] DEBUG io.yggdrash.contract.yeed.InterChainProcessTest - Send Eth 3
12:38:18.299 [Test worker] DEBUG io.yggdrash.contract.yeed.YeedContract - Ratio : 10000
12:38:18.299 [Test worker] DEBUG io.yggdrash.contract.yeed.YeedContract - transferYeed : 39000000000000000000000
12:38:18.299 [Test worker] DEBUG io.yggdrash.contract.yeed.YeedContract - Confirm Id : 56cf3bb3942034893ba160bb637e2564d890e50ba0c2ea80e8fdb9d2029efc41
12:38:18.299 [Test worker] DEBUG io.yggdrash.contract.yeed.YeedContract - ProposeId : 3d501aaef5eefc10550b12a341910cbfa16bfed94dbc9892fefb27a1e9ae902c (ProposeKey=pis-3d501aaef5eefc10550b12a341910cbfa16bfed94dbc9892fefb27a1e9ae902c) is PROCESSING
12:38:18.299 [Test worker] DEBUG io.yggdrash.contract.yeed.YeedContract - TxConfirm ProposeId :  3d501aaef5eefc10550b12a341910cbfa16bfed94dbc9892fefb27a1e9ae902c
12:38:18.299 [Test worker] DEBUG io.yggdrash.contract.yeed.YeedContract - TxConfirm Status : VALIDATE_REQUIRE
12:38:18.299 [Test worker] DEBUG io.yggdrash.contract.yeed.YeedContract - Propose require block height : 100000 
12:38:18.299 [Test worker] DEBUG io.yggdrash.contract.yeed.YeedContract - TxConfirm block height : 100010 
12:38:18.299 [Test worker] DEBUG io.yggdrash.contract.yeed.YeedContract - CheckBlockHeight : true
12:38:18.299 [Test worker] DEBUG io.yggdrash.contract.yeed.YeedContract - Stake YEED 1539000000000000000000000
12:38:18.299 [Test worker] DEBUG io.yggdrash.contract.yeed.YeedContract - TransferYeed YEED 39000000000000000000000
12:38:18.299 [Test worker] DEBUG io.yggdrash.contract.yeed.YeedContract - PI Fee 100000000000000000
12:38:18.299 [Test worker] DEBUG io.yggdrash.contract.yeed.InterChainProcessTest - Remain YEED : 1500000100000000000000000
12:38:18.299 [Test worker] DEBUG io.yggdrash.contract.yeed.InterChainProcessTest - Send Eth 80
12:38:18.304 [Test worker] DEBUG io.yggdrash.contract.yeed.YeedContract - Ratio : 10000
12:38:18.304 [Test worker] DEBUG io.yggdrash.contract.yeed.YeedContract - transferYeed : 807000000000000000000000
12:38:18.305 [Test worker] DEBUG io.yggdrash.contract.yeed.YeedContract - Confirm Id : 7825f8273542aea05ee210c0d978879c83c20c3119d98b57522ef86c49b447d7
12:38:18.305 [Test worker] DEBUG io.yggdrash.contract.yeed.YeedContract - ProposeId : 3d501aaef5eefc10550b12a341910cbfa16bfed94dbc9892fefb27a1e9ae902c (ProposeKey=pis-3d501aaef5eefc10550b12a341910cbfa16bfed94dbc9892fefb27a1e9ae902c) is PROCESSING
12:38:18.305 [Test worker] DEBUG io.yggdrash.contract.yeed.YeedContract - TxConfirm ProposeId :  3d501aaef5eefc10550b12a341910cbfa16bfed94dbc9892fefb27a1e9ae902c
12:38:18.305 [Test worker] DEBUG io.yggdrash.contract.yeed.YeedContract - TxConfirm Status : VALIDATE_REQUIRE
12:38:18.305 [Test worker] DEBUG io.yggdrash.contract.yeed.YeedContract - Propose require block height : 100000 
12:38:18.305 [Test worker] DEBUG io.yggdrash.contract.yeed.YeedContract - TxConfirm block height : 100010 
12:38:18.305 [Test worker] DEBUG io.yggdrash.contract.yeed.YeedContract - CheckBlockHeight : true
12:38:18.305 [Test worker] DEBUG io.yggdrash.contract.yeed.YeedContract - Stake YEED 1500000000000000000000000
12:38:18.305 [Test worker] DEBUG io.yggdrash.contract.yeed.YeedContract - TransferYeed YEED 807000000000000000000000
12:38:18.305 [Test worker] DEBUG io.yggdrash.contract.yeed.YeedContract - PI Fee 100000000000000000
12:38:18.305 [Test worker] DEBUG io.yggdrash.contract.yeed.InterChainProcessTest - Remain YEED : 693000100000000000000000
12:38:18.305 [Test worker] DEBUG io.yggdrash.contract.yeed.InterChainProcessTest - Send Eth 77
12:38:18.309 [Test worker] DEBUG io.yggdrash.contract.yeed.YeedContract - Ratio : 10000
12:38:18.309 [Test worker] DEBUG io.yggdrash.contract.yeed.YeedContract - transferYeed : 775000000000000000000000
12:38:18.309 [Test worker] DEBUG io.yggdrash.contract.yeed.YeedContract - Confirm Id : 99f6774430486e34c4c75b99e2288a1a4fd0276a005a11a4f483c2c344c0ce37
12:38:18.309 [Test worker] DEBUG io.yggdrash.contract.yeed.YeedContract - ProposeId : 3d501aaef5eefc10550b12a341910cbfa16bfed94dbc9892fefb27a1e9ae902c (ProposeKey=pis-3d501aaef5eefc10550b12a341910cbfa16bfed94dbc9892fefb27a1e9ae902c) is PROCESSING
12:38:18.309 [Test worker] DEBUG io.yggdrash.contract.yeed.YeedContract - TxConfirm ProposeId :  3d501aaef5eefc10550b12a341910cbfa16bfed94dbc9892fefb27a1e9ae902c
12:38:18.309 [Test worker] DEBUG io.yggdrash.contract.yeed.YeedContract - TxConfirm Status : VALIDATE_REQUIRE
12:38:18.309 [Test worker] DEBUG io.yggdrash.contract.yeed.YeedContract - Propose require block height : 100000 
12:38:18.309 [Test worker] DEBUG io.yggdrash.contract.yeed.YeedContract - TxConfirm block height : 100010 
12:38:18.309 [Test worker] DEBUG io.yggdrash.contract.yeed.YeedContract - CheckBlockHeight : true
12:38:18.309 [Test worker] DEBUG io.yggdrash.contract.yeed.YeedContract - Stake YEED 693000000000000000000000
12:38:18.309 [Test worker] DEBUG io.yggdrash.contract.yeed.YeedContract - TransferYeed YEED 693000000000000000000000
12:38:18.309 [Test worker] DEBUG io.yggdrash.contract.yeed.YeedContract - PI Fee 100000000000000000
12:38:18.309 [Test worker] DEBUG io.yggdrash.contract.yeed.YeedContract - ProposeId : 3d501aaef5eefc10550b12a341910cbfa16bfed94dbc9892fefb27a1e9ae902c (ProposeKey=pis-3d501aaef5eefc10550b12a341910cbfa16bfed94dbc9892fefb27a1e9ae902c) is DONE
12:38:18.309 [Test worker] DEBUG io.yggdrash.contract.yeed.InterChainProcessTest - Remain YEED : 0
12:38:18.309 [Test worker] DEBUG io.yggdrash.contract.yeed.InterChainProcessTest - 10008
12:38:18.309 [Test worker] DEBUG io.yggdrash.contract.yeed.InterChainProcessTest - Total Count : 205
12:38:18.310 [Test worker] DEBUG io.yggdrash.contract.yeed.YeedContract - Address of Frontier : c91e9d46dd4b7584f0b6348ee18277c10fd7cb94Balance of Frontier : 1000000000000000000000000000
12:38:18.311 [Test worker] DEBUG io.yggdrash.contract.yeed.YeedContract - Address of Frontier : 1a0cdead3d1d1dbeef848fef9053b4f0ae06db9eBalance of Frontier : 1000000000000000000000000000
12:38:18.311 [Test worker] DEBUG io.yggdrash.contract.yeed.YeedContract - Address of Frontier : 5e032243d507c743b061ef021e2ec7fcc6d3ab89Balance of Frontier : 10000000000000000000
12:38:18.311 [Test worker] DEBUG io.yggdrash.contract.yeed.YeedContract - Address of Frontier : cee3d4755e47055b530deeba062c5bd0c17eb00fBalance of Frontier : 998000000000000000000000000000
12:38:18.311 [Test worker] DEBUG io.yggdrash.contract.yeed.YeedContract - Address of Frontier : c3cf7a283a4415ce3c41f5374934612389334780Balance of Frontier : 10000000000000000000000000000000000000000
12:38:18.311 [Test worker] DEBUG io.yggdrash.contract.yeed.YeedContract - Address of Frontier : 4d01e237570022440aa126ca0b63065d7f5fd589Balance of Frontier : 10000000000000000000000000000000000000000
12:38:18.318 [Test worker] DEBUG io.yggdrash.contract.yeed.InterChainProcessTest - 7a97efe8d4772a411655b4c94a8c4ea3694cf545
12:38:18.318 [Test worker] DEBUG io.yggdrash.contract.yeed.InterChainProcessTest - f86c808502540be40082520894c91e9d46dd4b7584f0b6348ee18277c10fd7cb94880de0b6b3a76400008025a03fde7c64acbdc0f4e02b590dbad4d91f2f11c183e6c68b2e5136670ab1d80dd5a07d5ff4d4d313423f87c5a2a218c6b9f17f62ee044d473ecffdef20a19784d863
12:38:18.318 [Test worker] DEBUG io.yggdrash.contract.yeed.InterChainProcessTest - 8203e8
12:38:18.319 [Test worker] DEBUG io.yggdrash.contract.yeed.YeedContract - Address of Frontier : c91e9d46dd4b7584f0b6348ee18277c10fd7cb94Balance of Frontier : 1000000000000000000000000000
12:38:18.319 [Test worker] DEBUG io.yggdrash.contract.yeed.YeedContract - Address of Frontier : 1a0cdead3d1d1dbeef848fef9053b4f0ae06db9eBalance of Frontier : 1000000000000000000000000000
12:38:18.319 [Test worker] DEBUG io.yggdrash.contract.yeed.YeedContract - Address of Frontier : 5e032243d507c743b061ef021e2ec7fcc6d3ab89Balance of Frontier : 10000000000000000000
12:38:18.319 [Test worker] DEBUG io.yggdrash.contract.yeed.YeedContract - Address of Frontier : cee3d4755e47055b530deeba062c5bd0c17eb00fBalance of Frontier : 998000000000000000000000000000
12:38:18.319 [Test worker] DEBUG io.yggdrash.contract.yeed.YeedContract - Address of Frontier : c3cf7a283a4415ce3c41f5374934612389334780Balance of Frontier : 10000000000000000000000000000000000000000
12:38:18.319 [Test worker] DEBUG io.yggdrash.contract.yeed.YeedContract - Address of Frontier : 4d01e237570022440aa126ca0b63065d7f5fd589Balance of Frontier : 10000000000000000000000000000000000000000
12:38:18.319 [Test worker] DEBUG io.yggdrash.contract.yeed.YeedContract - Propose Id Key : pi-ea79c0652a5c88db8a0f53d37a2944a56ff2eaf4185370191c98313843b35056 
12:38:18.319 [Test worker] DEBUG io.yggdrash.contract.yeed.YeedContract - ProposeId : ea79c0652a5c88db8a0f53d37a2944a56ff2eaf4185370191c98313843b35056 (ProposeKey=pis-ea79c0652a5c88db8a0f53d37a2944a56ff2eaf4185370191c98313843b35056) is ISSUED
12:38:18.319 [Test worker] DEBUG io.yggdrash.contract.yeed.InterChainProcessTest - txLog=[Transfer 11000000000000000 from c3cf7a283a4415ce3c41f5374934612389334780 to ea79c0652a5c88db8a0f53d37a2944a56ff2eaf4185370191c98313843b35056 fee 0, Propose ea79c0652a5c88db8a0f53d37a2944a56ff2eaf4185370191c98313843b35056 ISSUED]
12:38:18.319 [Test worker] DEBUG io.yggdrash.contract.yeed.InterChainProcessTest - Proposal Stake YEED 11000000000000000
12:38:18.320 [Test worker] DEBUG io.yggdrash.contract.yeed.InterChainProcessTest - Issuer Origin YEED 10000000000000000000000000000000000000000
12:38:18.320 [Test worker] DEBUG io.yggdrash.contract.yeed.InterChainProcessTest - Issuer After Proposal Issued YEED 9999999999999999999999989000000000000000
12:38:18.320 [Test worker] DEBUG io.yggdrash.contract.yeed.InterChainProcessTest - Proposal = {"proposeId":"ea79c0652a5c88db8a0f53d37a2944a56ff2eaf4185370191c98313843b35056","transactionId":"0x00","targetAddress":"","receiverAddress":"c3cf7a283a4415ce3c41f5374934612389334780","receiveAsset":10000000,"receiveChainId":1,"networkBlockHeight":10,"proposeType":1,"senderAddress":"c91e9d46dd4b7584f0b6348ee18277c10fd7cb94","inputData":null,"stakeYeed":1000000000000000,"blockHeight":1000000,"fee":10000000000000000,"issuer":"c3cf7a283a4415ce3c41f5374934612389334780","method":"","status":"ISSUED"}
12:38:18.320 [Test worker] DEBUG io.yggdrash.contract.yeed.YeedContract - ClosePropose Exception : The proposal has not expired
12:38:18.320 [Test worker] DEBUG io.yggdrash.contract.yeed.YeedContract - Address of Frontier : c91e9d46dd4b7584f0b6348ee18277c10fd7cb94Balance of Frontier : 1000000000000000000000000000
12:38:18.320 [Test worker] DEBUG io.yggdrash.contract.yeed.YeedContract - Address of Frontier : 1a0cdead3d1d1dbeef848fef9053b4f0ae06db9eBalance of Frontier : 1000000000000000000000000000
12:38:18.320 [Test worker] DEBUG io.yggdrash.contract.yeed.YeedContract - Address of Frontier : 5e032243d507c743b061ef021e2ec7fcc6d3ab89Balance of Frontier : 10000000000000000000
12:38:18.320 [Test worker] DEBUG io.yggdrash.contract.yeed.YeedContract - Address of Frontier : cee3d4755e47055b530deeba062c5bd0c17eb00fBalance of Frontier : 998000000000000000000000000000
12:38:18.320 [Test worker] DEBUG io.yggdrash.contract.yeed.YeedContract - Address of Frontier : c3cf7a283a4415ce3c41f5374934612389334780Balance of Frontier : 10000000000000000000000000000000000000000
12:38:18.320 [Test worker] DEBUG io.yggdrash.contract.yeed.YeedContract - Address of Frontier : 4d01e237570022440aa126ca0b63065d7f5fd589Balance of Frontier : 10000000000000000000000000000000000000000
12:38:18.321 [Test worker] DEBUG io.yggdrash.contract.yeed.YeedContract - Propose Id Key : pi-ea79c0652a5c88db8a0f53d37a2944a56ff2eaf4185370191c98313843b35056 
12:38:18.321 [Test worker] DEBUG io.yggdrash.contract.yeed.YeedContract - ProposeId : ea79c0652a5c88db8a0f53d37a2944a56ff2eaf4185370191c98313843b35056 (ProposeKey=pis-ea79c0652a5c88db8a0f53d37a2944a56ff2eaf4185370191c98313843b35056) is ISSUED
12:38:18.321 [Test worker] DEBUG io.yggdrash.contract.yeed.InterChainProcessTest - txLog=[Transfer 11000000000000000 from c3cf7a283a4415ce3c41f5374934612389334780 to ea79c0652a5c88db8a0f53d37a2944a56ff2eaf4185370191c98313843b35056 fee 0, Propose ea79c0652a5c88db8a0f53d37a2944a56ff2eaf4185370191c98313843b35056 ISSUED]
12:38:18.321 [Test worker] DEBUG io.yggdrash.contract.yeed.InterChainProcessTest - Proposal Stake YEED 11000000000000000
12:38:18.321 [Test worker] DEBUG io.yggdrash.contract.yeed.InterChainProcessTest - Issuer Origin YEED 10000000000000000000000000000000000000000
12:38:18.321 [Test worker] DEBUG io.yggdrash.contract.yeed.InterChainProcessTest - Issuer After Proposal Issued YEED 9999999999999999999999989000000000000000
12:38:18.321 [Test worker] DEBUG io.yggdrash.contract.yeed.InterChainProcessTest - Proposal = {"proposeId":"ea79c0652a5c88db8a0f53d37a2944a56ff2eaf4185370191c98313843b35056","transactionId":"0x00","targetAddress":"","receiverAddress":"c3cf7a283a4415ce3c41f5374934612389334780","receiveAsset":10000000,"receiveChainId":1,"networkBlockHeight":10,"proposeType":1,"senderAddress":"c91e9d46dd4b7584f0b6348ee18277c10fd7cb94","inputData":null,"stakeYeed":1000000000000000,"blockHeight":1000000,"fee":10000000000000000,"issuer":"c3cf7a283a4415ce3c41f5374934612389334780","method":"","status":"ISSUED"}
12:38:18.321 [Test worker] DEBUG io.yggdrash.contract.yeed.YeedContract - ProposeId : ea79c0652a5c88db8a0f53d37a2944a56ff2eaf4185370191c98313843b35056 (ProposeKey=pis-ea79c0652a5c88db8a0f53d37a2944a56ff2eaf4185370191c98313843b35056) is CLOSED
12:38:18.321 [Test worker] DEBUG io.yggdrash.contract.yeed.YeedContract - ClosePropose Exception : The proposal already CLOSED
]]></system-out>
  <system-err><![CDATA[]]></system-err>
</testsuite>
